2018-05-21 21:36:41.109 [5304:2764] [OERROR] [Explorer Probe] [McAfee::DLP::Chrome::ssl_hooking::ssl_hooking_init_thread] No valid offset is available for SSL_free. Current Chrome version: 66.0.3359.181
2018-05-21 21:36:42.120 [5304:2764] [OERROR] [Explorer Probe] [McAfee::DLP::Chrome::ssl_hooking::ssl_hooking_init_thread] No valid offset is available for SSL_free. Current Chrome version: 66.0.3359.181
2018-05-21 21:36:43.130 [5304:2764] [OERROR] [Explorer Probe] [McAfee::DLP::Chrome::ssl_hooking::ssl_hooking_init_thread] No valid offset is available for SSL_free. Current Chrome version: 66.0.3359.181
2018-05-21 21:36:44.137 [5304:2764] [OERROR] [Explorer Probe] [McAfee::DLP::Chrome::ssl_hooking::ssl_hooking_init_thread] No valid offset is available for SSL_free. Current Chrome version: 66.0.3359.181
2018-05-21 21:36:44.528 [5304:3536] [OERROR] [Explorer Probe] [McAfee::DLP::HTTP::Agent::isDropAllowed] Error while transacting with the Agent to send a IeNewHTTPRequest
2018-05-21 21:36:44.528 [5304:3536] [OERROR] [Explorer Probe] [McAfee::DLP::HTTP::Agent::isDropAllowed] Error while transacting with the Agent to send a IeNewHTTPRequest
2018-05-21 21:36:44.529 [5304:3536] [OERROR] [Explorer Probe] [McAfee::DLP::HTTP::Agent::isDropAllowed] Error while transacting with the Agent to send a IeNewHTTPRequest
2018-05-21 21:36:44.529 [5304:3536] [OERROR] [Explorer Probe] [McAfee::DLP::HTTP::Agent::isDropAllowed] Error while transacting with the Agent to send a IeNewHTTPRequest
2018-05-21 21:36:44.611 [5304:1800] [OERROR] [Explorer Probe] [`anonymous-namespace'::pipeHandshake] pipeHandshake: cannot communicate with the Agent.
2018-05-21 21:36:44.611 [5304:1800] [OERROR] [Explorer Probe] [McAfee::DLP::HTTP::Agent::ensureConnection] Failed connecting to agent.
2018-05-21 21:36:44.611 [5304:1800] [OERROR] [Explorer Probe] [`anonymous-namespace'::writeHookingSuppressed] Failed connecting to agent.
2018-05-21 21:36:44.612 [5304:1800] [OERROR] [Explorer Probe] [`anonymous-namespace'::pipeHandshake] pipeHandshake: cannot communicate with the Agent.
2018-05-21 21:36:44.612 [5304:1800] [OERROR] [Explorer Probe] [McAfee::DLP::HTTP::Agent::ensureConnection] Failed connecting to agent.
2018-05-21 21:36:44.613 [5304:1800] [OERROR] [Explorer Probe] [`anonymous-namespace'::writeHookingSuppressed] Failed connecting to agent.
2018-05-21 21:36:44.616 [5304:1800] [OERROR] [Explorer Probe] [`anonymous-namespace'::pipeHandshake] pipeHandshake: cannot communicate with the Agent.
2018-05-21 21:36:44.616 [5304:1800] [OERROR] [Explorer Probe] [McAfee::DLP::HTTP::Agent::ensureConnection] Failed connecting to agent.
2018-05-21 21:36:44.616 [5304:1800] [OERROR] [Explorer Probe] [`anonymous-namespace'::writeHookingSuppressed] Failed connecting to agent.
2018-05-21 21:36:44.619 [5304:1800] [OERROR] [Explorer Probe] [`anonymous-namespace'::pipeHandshake] pipeHandshake: cannot communicate with the Agent.
2018-05-21 21:36:44.620 [5304:1800] [OERROR] [Explorer Probe] [McAfee::DLP::HTTP::Agent::ensureConnection] Failed connecting to agent.
2018-05-21 21:36:44.620 [5304:1800] [OERROR] [Explorer Probe] [`anonymous-namespace'::writeHookingSuppressed] Failed connecting to agent.
2018-05-21 21:36:44.623 [5304:1800] [OERROR] [Explorer Probe] [`anonymous-namespace'::pipeHandshake] pipeHandshake: cannot communicate with the Agent.
2018-05-21 21:36:44.624 [5304:1800] [OERROR] [Explorer Probe] [McAfee::DLP::HTTP::Agent::ensureConnection] Failed connecting to agent.
2018-05-21 21:36:44.624 [5304:1800] [OERROR] [Explorer Probe] [`anonymous-namespace'::writeHookingSuppressed] Failed connecting to agent.
2018-05-21 21:36:44.809 [5304:1800] [OERROR] [Explorer Probe] [`anonymous-namespace'::pipeHandshake] pipeHandshake: cannot communicate with the Agent.
2018-05-21 21:36:44.809 [5304:1800] [OERROR] [Explorer Probe] [McAfee::DLP::HTTP::Agent::ensureConnection] Failed connecting to agent.
2018-05-21 21:36:44.809 [5304:1800] [OERROR] [Explorer Probe] [`anonymous-namespace'::writeHookingSuppressed] Failed connecting to agent.
2018-05-21 21:36:44.814 [5304:1800] [OERROR] [Explorer Probe] [`anonymous-namespace'::pipeHandshake] pipeHandshake: cannot communicate with the Agent.
2018-05-21 21:36:44.814 [5304:1800] [OERROR] [Explorer Probe] [McAfee::DLP::HTTP::Agent::ensureConnection] Failed connecting to agent.
2018-05-21 21:36:44.814 [5304:1800] [OERROR] [Explorer Probe] [`anonymous-namespace'::writeHookingSuppressed] Failed connecting to agent.
2018-05-21 21:36:44.815 [5304:1800] [OERROR] [Explorer Probe] [`anonymous-namespace'::pipeHandshake] pipeHandshake: cannot communicate with the Agent.
2018-05-21 21:36:44.815 [5304:1800] [OERROR] [Explorer Probe] [McAfee::DLP::HTTP::Agent::ensureConnection] Failed connecting to agent.
2018-05-21 21:36:44.816 [5304:1800] [OERROR] [Explorer Probe] [`anonymous-namespace'::writeHookingSuppressed] Failed connecting to agent.
2018-05-21 21:36:44.879 [5304:1800] [OERROR] [Explorer Probe] [`anonymous-namespace'::pipeHandshake] pipeHandshake: cannot communicate with the Agent.
2018-05-21 21:36:44.879 [5304:1800] [OERROR] [Explorer Probe] [McAfee::DLP::HTTP::Agent::ensureConnection] Failed connecting to agent.
2018-05-21 21:36:44.880 [5304:1800] [OERROR] [Explorer Probe] [`anonymous-namespace'::writeHookingSuppressed] Failed connecting to agent.
2018-05-21 21:36:44.881 [5304:1800] [OERROR] [Explorer Probe] [`anonymous-namespace'::pipeHandshake] pipeHandshake: cannot communicate with the Agent.
2018-05-21 21:36:44.881 [5304:1800] [OERROR] [Explorer Probe] [McAfee::DLP::HTTP::Agent::ensureConnection] Failed connecting to agent.
2018-05-21 21:36:44.881 [5304:1800] [OERROR] [Explorer Probe] [`anonymous-namespace'::writeHookingSuppressed] Failed connecting to agent.
2018-05-21 21:36:44.882 [5304:1800] [OERROR] [Explorer Probe] [`anonymous-namespace'::pipeHandshake] pipeHandshake: cannot communicate with the Agent.
2018-05-21 21:36:44.882 [5304:1800] [OERROR] [Explorer Probe] [McAfee::DLP::HTTP::Agent::ensureConnection] Failed connecting to agent.
2018-05-21 21:36:44.882 [5304:1800] [OERROR] [Explorer Probe] [`anonymous-namespace'::writeHookingSuppressed] Failed connecting to agent.
2018-05-21 21:36:44.883 [5304:1800] [OERROR] [Explorer Probe] [`anonymous-namespace'::pipeHandshake] pipeHandshake: cannot communicate with the Agent.
2018-05-21 21:36:44.883 [5304:1800] [OERROR] [Explorer Probe] [McAfee::DLP::HTTP::Agent::ensureConnection] Failed connecting to agent.
2018-05-21 21:36:44.884 [5304:1800] [OERROR] [Explorer Probe] [`anonymous-namespace'::writeHookingSuppressed] Failed connecting to agent.
2018-05-21 21:36:44.884 [5304:1800] [OERROR] [Explorer Probe] [`anonymous-namespace'::pipeHandshake] pipeHandshake: cannot communicate with the Agent.
2018-05-21 21:36:44.885 [5304:1800] [OERROR] [Explorer Probe] [McAfee::DLP::HTTP::Agent::ensureConnection] Failed connecting to agent.
2018-05-21 21:36:44.885 [5304:1800] [OERROR] [Explorer Probe] [`anonymous-namespace'::writeHookingSuppressed] Failed connecting to agent.
2018-05-21 21:36:44.886 [5304:1800] [OERROR] [Explorer Probe] [`anonymous-namespace'::pipeHandshake] pipeHandshake: cannot communicate with the Agent.
2018-05-21 21:36:44.886 [5304:1800] [OERROR] [Explorer Probe] [McAfee::DLP::HTTP::Agent::ensureConnection] Failed connecting to agent.
2018-05-21 21:36:44.886 [5304:1800] [OERROR] [Explorer Probe] [`anonymous-namespace'::writeHookingSuppressed] Failed connecting to agent.
2018-05-21 21:36:44.887 [5304:1800] [OERROR] [Explorer Probe] [`anonymous-namespace'::pipeHandshake] pipeHandshake: cannot communicate with the Agent.
2018-05-21 21:36:44.887 [5304:1800] [OERROR] [Explorer Probe] [McAfee::DLP::HTTP::Agent::ensureConnection] Failed connecting to agent.
2018-05-21 21:36:44.887 [5304:1800] [OERROR] [Explorer Probe] [`anonymous-namespace'::writeHookingSuppressed] Failed connecting to agent.
2018-05-21 21:36:44.888 [5304:1800] [OERROR] [Explorer Probe] [`anonymous-namespace'::pipeHandshake] pipeHandshake: cannot communicate with the Agent.
2018-05-21 21:36:44.888 [5304:1800] [OERROR] [Explorer Probe] [McAfee::DLP::HTTP::Agent::ensureConnection] Failed connecting to agent.
2018-05-21 21:36:44.888 [5304:1800] [OERROR] [Explorer Probe] [`anonymous-namespace'::writeHookingSuppressed] Failed connecting to agent.
2018-05-21 21:36:44.889 [5304:1800] [OERROR] [Explorer Probe] [`anonymous-namespace'::pipeHandshake] pipeHandshake: cannot communicate with the Agent.
2018-05-21 21:36:44.889 [5304:1800] [OERROR] [Explorer Probe] [McAfee::DLP::HTTP::Agent::ensureConnection] Failed connecting to agent.
2018-05-21 21:36:44.890 [5304:1800] [OERROR] [Explorer Probe] [`anonymous-namespace'::writeHookingSuppressed] Failed connecting to agent.
2018-05-21 21:36:44.890 [5304:1800] [OERROR] [Explorer Probe] [`anonymous-namespace'::pipeHandshake] pipeHandshake: cannot communicate with the Agent.
2018-05-21 21:36:44.891 [5304:1800] [OERROR] [Explorer Probe] [McAfee::DLP::HTTP::Agent::ensureConnection] Failed connecting to agent.
2018-05-21 21:36:44.891 [5304:1800] [OERROR] [Explorer Probe] [`anonymous-namespace'::writeHookingSuppressed] Failed connecting to agent.
2018-05-21 21:36:44.892 [5304:1800] [OERROR] [Explorer Probe] [`anonymous-namespace'::pipeHandshake] pipeHandshake: cannot communicate with the Agent.
2018-05-21 21:36:44.892 [5304:1800] [OERROR] [Explorer Probe] [McAfee::DLP::HTTP::Agent::ensureConnection] Failed connecting to agent.
2018-05-21 21:36:44.892 [5304:1800] [OERROR] [Explorer Probe] [`anonymous-namespace'::writeHookingSuppressed] Failed connecting to agent.
2018-05-21 21:36:44.898 [5304:1800] [OERROR] [Explorer Probe] [`anonymous-namespace'::pipeHandshake] pipeHandshake: cannot communicate with the Agent.
2018-05-21 21:36:44.898 [5304:1800] [OERROR] [Explorer Probe] [McAfee::DLP::HTTP::Agent::ensureConnection] Failed connecting to agent.
2018-05-21 21:36:44.898 [5304:1800] [OERROR] [Explorer Probe] [`anonymous-namespace'::writeHookingSuppressed] Failed connecting to agent.
2018-05-21 21:36:44.899 [5304:1800] [OERROR] [Explorer Probe] [`anonymous-namespace'::pipeHandshake] pipeHandshake: cannot communicate with the Agent.
2018-05-21 21:36:44.899 [5304:1800] [OERROR] [Explorer Probe] [McAfee::DLP::HTTP::Agent::ensureConnection] Failed connecting to agent.
2018-05-21 21:36:44.900 [5304:1800] [OERROR] [Explorer Probe] [`anonymous-namespace'::writeHookingSuppressed] Failed connecting to agent.
2018-05-21 21:36:44.900 [5304:1800] [OERROR] [Explorer Probe] [`anonymous-namespace'::pipeHandshake] pipeHandshake: cannot communicate with the Agent.
2018-05-21 21:36:44.901 [5304:1800] [OERROR] [Explorer Probe] [McAfee::DLP::HTTP::Agent::ensureConnection] Failed connecting to agent.
2018-05-21 21:36:44.901 [5304:1800] [OERROR] [Explorer Probe] [`anonymous-namespace'::writeHookingSuppressed] Failed connecting to agent.
2018-05-21 21:36:44.902 [5304:1800] [OERROR] [Explorer Probe] [`anonymous-namespace'::pipeHandshake] pipeHandshake: cannot communicate with the Agent.
2018-05-21 21:36:44.902 [5304:1800] [OERROR] [Explorer Probe] [McAfee::DLP::HTTP::Agent::ensureConnection] Failed connecting to agent.
2018-05-21 21:36:44.902 [5304:1800] [OERROR] [Explorer Probe] [`anonymous-namespace'::writeHookingSuppressed] Failed connecting to agent.
2018-05-21 21:36:44.903 [5304:1800] [OERROR] [Explorer Probe] [`anonymous-namespace'::pipeHandshake] pipeHandshake: cannot communicate with the Agent.
2018-05-21 21:36:44.903 [5304:1800] [OERROR] [Explorer Probe] [McAfee::DLP::HTTP::Agent::ensureConnection] Failed connecting to agent.
2018-05-21 21:36:44.903 [5304:1800] [OERROR] [Explorer Probe] [`anonymous-namespace'::writeHookingSuppressed] Failed connecting to agent.
2018-05-21 21:36:44.904 [5304:1800] [OERROR] [Explorer Probe] [`anonymous-namespace'::pipeHandshake] pipeHandshake: cannot communicate with the Agent.
2018-05-21 21:36:44.904 [5304:1800] [OERROR] [Explorer Probe] [McAfee::DLP::HTTP::Agent::ensureConnection] Failed connecting to agent.
2018-05-21 21:36:44.905 [5304:1800] [OERROR] [Explorer Probe] [`anonymous-namespace'::writeHookingSuppressed] Failed connecting to agent.
2018-05-21 21:36:44.905 [5304:1800] [OERROR] [Explorer Probe] [`anonymous-namespace'::pipeHandshake] pipeHandshake: cannot communicate with the Agent.
2018-05-21 21:36:44.906 [5304:1800] [OERROR] [Explorer Probe] [McAfee::DLP::HTTP::Agent::ensureConnection] Failed connecting to agent.
2018-05-21 21:36:44.906 [5304:1800] [OERROR] [Explorer Probe] [`anonymous-namespace'::writeHookingSuppressed] Failed connecting to agent.
2018-05-21 21:36:44.907 [5304:1800] [OERROR] [Explorer Probe] [`anonymous-namespace'::pipeHandshake] pipeHandshake: cannot communicate with the Agent.
2018-05-21 21:36:44.907 [5304:1800] [OERROR] [Explorer Probe] [McAfee::DLP::HTTP::Agent::ensureConnection] Failed connecting to agent.
2018-05-21 21:36:44.907 [5304:1800] [OERROR] [Explorer Probe] [`anonymous-namespace'::writeHookingSuppressed] Failed connecting to agent.
2018-05-21 21:36:44.908 [5304:1800] [OERROR] [Explorer Probe] [`anonymous-namespace'::pipeHandshake] pipeHandshake: cannot communicate with the Agent.
2018-05-21 21:36:44.908 [5304:1800] [OERROR] [Explorer Probe] [McAfee::DLP::HTTP::Agent::ensureConnection] Failed connecting to agent.
2018-05-21 21:36:44.908 [5304:1800] [OERROR] [Explorer Probe] [`anonymous-namespace'::writeHookingSuppressed] Failed connecting to agent.
2018-05-21 21:36:44.909 [5304:1800] [OERROR] [Explorer Probe] [`anonymous-namespace'::pipeHandshake] pipeHandshake: cannot communicate with the Agent.
2018-05-21 21:36:44.909 [5304:1800] [OERROR] [Explorer Probe] [McAfee::DLP::HTTP::Agent::ensureConnection] Failed connecting to agent.
2018-05-21 21:36:44.909 [5304:1800] [OERROR] [Explorer Probe] [`anonymous-namespace'::writeHookingSuppressed] Failed connecting to agent.
2018-05-21 21:36:44.910 [5304:1800] [OERROR] [Explorer Probe] [`anonymous-namespace'::pipeHandshake] pipeHandshake: cannot communicate with the Agent.
2018-05-21 21:36:44.910 [5304:1800] [OERROR] [Explorer Probe] [McAfee::DLP::HTTP::Agent::ensureConnection] Failed connecting to agent.
2018-05-21 21:36:44.911 [5304:1800] [OERROR] [Explorer Probe] [`anonymous-namespace'::writeHookingSuppressed] Failed connecting to agent.
2018-05-21 21:36:44.911 [5304:1800] [OERROR] [Explorer Probe] [`anonymous-namespace'::pipeHandshake] pipeHandshake: cannot communicate with the Agent.
2018-05-21 21:36:44.912 [5304:1800] [OERROR] [Explorer Probe] [McAfee::DLP::HTTP::Agent::ensureConnection] Failed connecting to agent.
2018-05-21 21:36:44.912 [5304:1800] [OERROR] [Explorer Probe] [`anonymous-namespace'::writeHookingSuppressed] Failed connecting to agent.
2018-05-21 21:36:44.913 [5304:1800] [OERROR] [Explorer Probe] [`anonymous-namespace'::pipeHandshake] pipeHandshake: cannot communicate with the Agent.
2018-05-21 21:36:44.913 [5304:1800] [OERROR] [Explorer Probe] [McAfee::DLP::HTTP::Agent::ensureConnection] Failed connecting to agent.
2018-05-21 21:36:44.913 [5304:1800] [OERROR] [Explorer Probe] [`anonymous-namespace'::writeHookingSuppressed] Failed connecting to agent.
2018-05-21 21:36:44.914 [5304:1800] [OERROR] [Explorer Probe] [`anonymous-namespace'::pipeHandshake] pipeHandshake: cannot communicate with the Agent.
2018-05-21 21:36:44.914 [5304:1800] [OERROR] [Explorer Probe] [McAfee::DLP::HTTP::Agent::ensureConnection] Failed connecting to agent.
2018-05-21 21:36:44.914 [5304:1800] [OERROR] [Explorer Probe] [`anonymous-namespace'::writeHookingSuppressed] Failed connecting to agent.
2018-05-21 21:36:44.915 [5304:1800] [OERROR] [Explorer Probe] [`anonymous-namespace'::pipeHandshake] pipeHandshake: cannot communicate with the Agent.
2018-05-21 21:36:44.915 [5304:1800] [OERROR] [Explorer Probe] [McAfee::DLP::HTTP::Agent::ensureConnection] Failed connecting to agent.
2018-05-21 21:36:44.915 [5304:1800] [OERROR] [Explorer Probe] [`anonymous-namespace'::writeHookingSuppressed] Failed connecting to agent.
2018-05-21 21:36:44.916 [5304:1800] [OERROR] [Explorer Probe] [`anonymous-namespace'::pipeHandshake] pipeHandshake: cannot communicate with the Agent.
2018-05-21 21:36:44.916 [5304:1800] [OERROR] [Explorer Probe] [McAfee::DLP::HTTP::Agent::ensureConnection] Failed connecting to agent.
2018-05-21 21:36:44.916 [5304:1800] [OERROR] [Explorer Probe] [`anonymous-namespace'::writeHookingSuppressed] Failed connecting to agent.
2018-05-21 21:36:44.917 [5304:1800] [OERROR] [Explorer Probe] [`anonymous-namespace'::pipeHandshake] pipeHandshake: cannot communicate with the Agent.
2018-05-21 21:36:44.917 [5304:1800] [OERROR] [Explorer Probe] [McAfee::DLP::HTTP::Agent::ensureConnection] Failed connecting to agent.
2018-05-21 21:36:44.918 [5304:1800] [OERROR] [Explorer Probe] [`anonymous-namespace'::writeHookingSuppressed] Failed connecting to agent.
2018-05-21 21:36:44.977 [5304:1800] [OERROR] [Explorer Probe] [`anonymous-namespace'::pipeHandshake] pipeHandshake: cannot communicate with the Agent.
2018-05-21 21:36:44.977 [5304:1800] [OERROR] [Explorer Probe] [McAfee::DLP::HTTP::Agent::ensureConnection] Failed connecting to agent.
2018-05-21 21:36:44.977 [5304:1800] [OERROR] [Explorer Probe] [`anonymous-namespace'::writeHookingSuppressed] Failed connecting to agent.
2018-05-21 21:36:44.980 [5304:1800] [OERROR] [Explorer Probe] [`anonymous-namespace'::pipeHandshake] pipeHandshake: cannot communicate with the Agent.
2018-05-21 21:36:44.980 [5304:1800] [OERROR] [Explorer Probe] [McAfee::DLP::HTTP::Agent::ensureConnection] Failed connecting to agent.
2018-05-21 21:36:44.980 [5304:1800] [OERROR] [Explorer Probe] [`anonymous-namespace'::writeHookingSuppressed] Failed connecting to agent.
2018-05-21 21:36:44.982 [5304:1800] [OERROR] [Explorer Probe] [`anonymous-namespace'::pipeHandshake] pipeHandshake: cannot communicate with the Agent.
2018-05-21 21:36:44.982 [5304:1800] [OERROR] [Explorer Probe] [McAfee::DLP::HTTP::Agent::ensureConnection] Failed connecting to agent.
2018-05-21 21:36:44.982 [5304:1800] [OERROR] [Explorer Probe] [`anonymous-namespace'::writeHookingSuppressed] Failed connecting to agent.
2018-05-21 21:36:44.983 [5304:1800] [OERROR] [Explorer Probe] [`anonymous-namespace'::pipeHandshake] pipeHandshake: cannot communicate with the Agent.
2018-05-21 21:36:44.983 [5304:1800] [OERROR] [Explorer Probe] [McAfee::DLP::HTTP::Agent::ensureConnection] Failed connecting to agent.
2018-05-21 21:36:44.983 [5304:1800] [OERROR] [Explorer Probe] [`anonymous-namespace'::writeHookingSuppressed] Failed connecting to agent.
2018-05-21 21:36:44.984 [5304:1800] [OERROR] [Explorer Probe] [`anonymous-namespace'::pipeHandshake] pipeHandshake: cannot communicate with the Agent.
2018-05-21 21:36:44.984 [5304:1800] [OERROR] [Explorer Probe] [McAfee::DLP::HTTP::Agent::ensureConnection] Failed connecting to agent.
2018-05-21 21:36:44.984 [5304:1800] [OERROR] [Explorer Probe] [`anonymous-namespace'::writeHookingSuppressed] Failed connecting to agent.
2018-05-21 21:36:44.985 [5304:1800] [OERROR] [Explorer Probe] [`anonymous-namespace'::pipeHandshake] pipeHandshake: cannot communicate with the Agent.
2018-05-21 21:36:44.985 [5304:1800] [OERROR] [Explorer Probe] [McAfee::DLP::HTTP::Agent::ensureConnection] Failed connecting to agent.
2018-05-21 21:36:44.986 [5304:1800] [OERROR] [Explorer Probe] [`anonymous-namespace'::writeHookingSuppressed] Failed connecting to agent.
2018-05-21 21:36:44.986 [5304:1800] [OERROR] [Explorer Probe] [`anonymous-namespace'::pipeHandshake] pipeHandshake: cannot communicate with the Agent.
2018-05-21 21:36:44.987 [5304:1800] [OERROR] [Explorer Probe] [McAfee::DLP::HTTP::Agent::ensureConnection] Failed connecting to agent.
2018-05-21 21:36:44.987 [5304:1800] [OERROR] [Explorer Probe] [`anonymous-namespace'::writeHookingSuppressed] Failed connecting to agent.
2018-05-21 21:36:44.988 [5304:1800] [OERROR] [Explorer Probe] [`anonymous-namespace'::pipeHandshake] pipeHandshake: cannot communicate with the Agent.
2018-05-21 21:36:44.988 [5304:1800] [OERROR] [Explorer Probe] [McAfee::DLP::HTTP::Agent::ensureConnection] Failed connecting to agent.
2018-05-21 21:36:44.988 [5304:1800] [OERROR] [Explorer Probe] [`anonymous-namespace'::writeHookingSuppressed] Failed connecting to agent.
2018-05-21 21:36:44.989 [5304:1800] [OERROR] [Explorer Probe] [`anonymous-namespace'::pipeHandshake] pipeHandshake: cannot communicate with the Agent.
2018-05-21 21:36:44.989 [5304:1800] [OERROR] [Explorer Probe] [McAfee::DLP::HTTP::Agent::ensureConnection] Failed connecting to agent.
2018-05-21 21:36:44.989 [5304:1800] [OERROR] [Explorer Probe] [`anonymous-namespace'::writeHookingSuppressed] Failed connecting to agent.
2018-05-21 21:36:44.990 [5304:1800] [OERROR] [Explorer Probe] [`anonymous-namespace'::pipeHandshake] pipeHandshake: cannot communicate with the Agent.
2018-05-21 21:36:44.990 [5304:1800] [OERROR] [Explorer Probe] [McAfee::DLP::HTTP::Agent::ensureConnection] Failed connecting to agent.
2018-05-21 21:36:44.990 [5304:1800] [OERROR] [Explorer Probe] [`anonymous-namespace'::writeHookingSuppressed] Failed connecting to agent.
2018-05-21 21:36:44.991 [5304:1800] [OERROR] [Explorer Probe] [`anonymous-namespace'::pipeHandshake] pipeHandshake: cannot communicate with the Agent.
2018-05-21 21:36:44.991 [5304:1800] [OERROR] [Explorer Probe] [McAfee::DLP::HTTP::Agent::ensureConnection] Failed connecting to agent.
2018-05-21 21:36:44.992 [5304:1800] [OERROR] [Explorer Probe] [`anonymous-namespace'::writeHookingSuppressed] Failed connecting to agent.
2018-05-21 21:36:45.108 [5304:2764] [OERROR] [Explorer Probe] [McAfee::DLP::Chrome::ssl_hooking::ssl_hooking_init_thread] No valid offset is available for SSL_free. Current Chrome version: 66.0.3359.181
2018-05-21 21:36:45.233 [5304:1800] [OERROR] [Explorer Probe] [`anonymous-namespace'::pipeHandshake] pipeHandshake: cannot communicate with the Agent.
2018-05-21 21:36:45.233 [5304:1800] [OERROR] [Explorer Probe] [McAfee::DLP::HTTP::Agent::ensureConnection] Failed connecting to agent.
2018-05-21 21:36:45.233 [5304:1800] [OERROR] [Explorer Probe] [`anonymous-namespace'::writeHookingSuppressed] Failed connecting to agent.
2018-05-21 21:36:45.344 [5304:1800] [OERROR] [Explorer Probe] [`anonymous-namespace'::pipeHandshake] pipeHandshake: cannot communicate with the Agent.
2018-05-21 21:36:45.344 [5304:1800] [OERROR] [Explorer Probe] [McAfee::DLP::HTTP::Agent::ensureConnection] Failed connecting to agent.
2018-05-21 21:36:45.344 [5304:1800] [OERROR] [Explorer Probe] [`anonymous-namespace'::writeHookingSuppressed] Failed connecting to agent.
2018-05-21 21:36:45.443 [5304:1800] [OERROR] [Explorer Probe] [`anonymous-namespace'::pipeHandshake] pipeHandshake: cannot communicate with the Agent.
2018-05-21 21:36:45.443 [5304:1800] [OERROR] [Explorer Probe] [McAfee::DLP::HTTP::Agent::ensureConnection] Failed connecting to agent.
2018-05-21 21:36:45.443 [5304:1800] [OERROR] [Explorer Probe] [`anonymous-namespace'::writeHookingSuppressed] Failed connecting to agent.
2018-05-21 21:36:45.919 [5304:1800] [OERROR] [Explorer Probe] [`anonymous-namespace'::pipeHandshake] pipeHandshake: cannot communicate with the Agent.
2018-05-21 21:36:45.920 [5304:1800] [OERROR] [Explorer Probe] [McAfee::DLP::HTTP::Agent::ensureConnection] Failed connecting to agent.
2018-05-21 21:36:45.920 [5304:1800] [OERROR] [Explorer Probe] [`anonymous-namespace'::writeHookingSuppressed] Failed connecting to agent.
2018-05-21 21:36:45.921 [5304:1800] [OERROR] [Explorer Probe] [`anonymous-namespace'::pipeHandshake] pipeHandshake: cannot communicate with the Agent.
2018-05-21 21:36:45.921 [5304:1800] [OERROR] [Explorer Probe] [McAfee::DLP::HTTP::Agent::ensureConnection] Failed connecting to agent.
2018-05-21 21:36:45.921 [5304:1800] [OERROR] [Explorer Probe] [`anonymous-namespace'::writeHookingSuppressed] Failed connecting to agent.
2018-05-21 21:36:45.922 [5304:1800] [OERROR] [Explorer Probe] [`anonymous-namespace'::pipeHandshake] pipeHandshake: cannot communicate with the Agent.
2018-05-21 21:36:45.922 [5304:1800] [OERROR] [Explorer Probe] [McAfee::DLP::HTTP::Agent::ensureConnection] Failed connecting to agent.
2018-05-21 21:36:45.922 [5304:1800] [OERROR] [Explorer Probe] [`anonymous-namespace'::writeHookingSuppressed] Failed connecting to agent.
2018-05-21 21:36:46.142 [5304:2764] [OERROR] [Explorer Probe] [McAfee::DLP::Chrome::ssl_hooking::ssl_hooking_init_thread] No valid offset is available for SSL_free. Current Chrome version: 66.0.3359.181
2018-05-21 21:36:47.114 [5304:2764] [OERROR] [Explorer Probe] [McAfee::DLP::Chrome::ssl_hooking::ssl_hooking_init_thread] No valid offset is available for SSL_free. Current Chrome version: 66.0.3359.181
2018-05-21 21:36:48.114 [5304:2764] [OERROR] [Explorer Probe] [McAfee::DLP::Chrome::ssl_hooking::ssl_hooking_init_thread] No valid offset is available for SSL_free. Current Chrome version: 66.0.3359.181
2018-05-21 21:36:48.501 [5304:1800] [OERROR] [Explorer Probe] [`anonymous-namespace'::pipeHandshake] pipeHandshake: cannot communicate with the Agent.
2018-05-21 21:36:48.501 [5304:1800] [OERROR] [Explorer Probe] [McAfee::DLP::HTTP::Agent::ensureConnection] Failed connecting to agent.
2018-05-21 21:36:48.502 [5304:1800] [OERROR] [Explorer Probe] [`anonymous-namespace'::writeHookingSuppressed] Failed connecting to agent.
2018-05-21 21:36:49.152 [5304:2764] [OERROR] [Explorer Probe] [McAfee::DLP::Chrome::ssl_hooking::ssl_hooking_init_thread] No valid offset is available for SSL_free. Current Chrome version: 66.0.3359.181
2018-05-21 21:36:50.168 [5304:2764] [OERROR] [Explorer Probe] [McAfee::DLP::Chrome::ssl_hooking::ssl_hooking_init_thread] No valid offset is available for SSL_free. Current Chrome version: 66.0.3359.181
2018-05-22 13:39:48.112 [4376:4404] [OERROR] [Explorer Probe] [McAfee::DLP::Chrome::ssl_hooking::ssl_hooking_init_thread] No valid offset is available for SSL_free. Current Chrome version: 66.0.3359.181
2018-05-22 13:39:49.083 [4376:4404] [OERROR] [Explorer Probe] [McAfee::DLP::Chrome::ssl_hooking::ssl_hooking_init_thread] No valid offset is available for SSL_free. Current Chrome version: 66.0.3359.181
2018-05-22 13:39:50.052 [4376:4472] [OERROR] [Explorer Probe] [`anonymous-namespace'::pipeHandshake] pipeHandshake: cannot communicate with the Agent.
2018-05-22 13:39:50.052 [4376:4472] [OERROR] [Explorer Probe] [McAfee::DLP::HTTP::Agent::ensureConnection] Failed connecting to agent.
2018-05-22 13:39:50.052 [4376:4472] [OERROR] [Explorer Probe] [`anonymous-namespace'::writeHookingSuppressed] Failed connecting to agent.
2018-05-22 13:39:50.054 [4376:4472] [OERROR] [Explorer Probe] [`anonymous-namespace'::pipeHandshake] pipeHandshake: cannot communicate with the Agent.
2018-05-22 13:39:50.054 [4376:4472] [OERROR] [Explorer Probe] [McAfee::DLP::HTTP::Agent::ensureConnection] Failed connecting to agent.
2018-05-22 13:39:50.054 [4376:4472] [OERROR] [Explorer Probe] [`anonymous-namespace'::writeHookingSuppressed] Failed connecting to agent.
2018-05-22 13:39:50.089 [4376:4404] [OERROR] [Explorer Probe] [McAfee::DLP::Chrome::ssl_hooking::ssl_hooking_init_thread] No valid offset is available for SSL_free. Current Chrome version: 66.0.3359.181
2018-05-22 13:39:50.149 [4376:4472] [OERROR] [Explorer Probe] [`anonymous-namespace'::pipeHandshake] pipeHandshake: cannot communicate with the Agent.
2018-05-22 13:39:50.149 [4376:4472] [OERROR] [Explorer Probe] [McAfee::DLP::HTTP::Agent::ensureConnection] Failed connecting to agent.
2018-05-22 13:39:50.149 [4376:4472] [OERROR] [Explorer Probe] [`anonymous-namespace'::writeHookingSuppressed] Failed connecting to agent.
2018-05-22 13:39:50.164 [4376:4472] [OERROR] [Explorer Probe] [`anonymous-namespace'::pipeHandshake] pipeHandshake: cannot communicate with the Agent.
2018-05-22 13:39:50.164 [4376:4472] [OERROR] [Explorer Probe] [McAfee::DLP::HTTP::Agent::ensureConnection] Failed connecting to agent.
2018-05-22 13:39:50.164 [4376:4472] [OERROR] [Explorer Probe] [`anonymous-namespace'::writeHookingSuppressed] Failed connecting to agent.
2018-05-22 13:39:50.174 [4376:4472] [OERROR] [Explorer Probe] [`anonymous-namespace'::pipeHandshake] pipeHandshake: cannot communicate with the Agent.
2018-05-22 13:39:50.174 [4376:4472] [OERROR] [Explorer Probe] [McAfee::DLP::HTTP::Agent::ensureConnection] Failed connecting to agent.
2018-05-22 13:39:50.174 [4376:4472] [OERROR] [Explorer Probe] [`anonymous-namespace'::writeHookingSuppressed] Failed connecting to agent.
2018-05-22 13:39:50.260 [4376:4472] [OERROR] [Explorer Probe] [`anonymous-namespace'::pipeHandshake] pipeHandshake: cannot communicate with the Agent.
2018-05-22 13:39:50.260 [4376:4472] [OERROR] [Explorer Probe] [McAfee::DLP::HTTP::Agent::ensureConnection] Failed connecting to agent.
2018-05-22 13:39:50.260 [4376:4472] [OERROR] [Explorer Probe] [`anonymous-namespace'::writeHookingSuppressed] Failed connecting to agent.
2018-05-22 13:39:50.265 [4376:4472] [OERROR] [Explorer Probe] [`anonymous-namespace'::pipeHandshake] pipeHandshake: cannot communicate with the Agent.
2018-05-22 13:39:50.265 [4376:4472] [OERROR] [Explorer Probe] [McAfee::DLP::HTTP::Agent::ensureConnection] Failed connecting to agent.
2018-05-22 13:39:50.265 [4376:4472] [OERROR] [Explorer Probe] [`anonymous-namespace'::writeHookingSuppressed] Failed connecting to agent.
2018-05-22 13:39:50.266 [4376:4472] [OERROR] [Explorer Probe] [`anonymous-namespace'::pipeHandshake] pipeHandshake: cannot communicate with the Agent.
2018-05-22 13:39:50.266 [4376:4472] [OERROR] [Explorer Probe] [McAfee::DLP::HTTP::Agent::ensureConnection] Failed connecting to agent.
2018-05-22 13:39:50.266 [4376:4472] [OERROR] [Explorer Probe] [`anonymous-namespace'::writeHookingSuppressed] Failed connecting to agent.
2018-05-22 13:39:50.268 [4376:4472] [OERROR] [Explorer Probe] [`anonymous-namespace'::pipeHandshake] pipeHandshake: cannot communicate with the Agent.
2018-05-22 13:39:50.268 [4376:4472] [OERROR] [Explorer Probe] [McAfee::DLP::HTTP::Agent::ensureConnection] Failed connecting to agent.
2018-05-22 13:39:50.268 [4376:4472] [OERROR] [Explorer Probe] [`anonymous-namespace'::writeHookingSuppressed] Failed connecting to agent.
2018-05-22 13:39:50.269 [4376:4472] [OERROR] [Explorer Probe] [`anonymous-namespace'::pipeHandshake] pipeHandshake: cannot communicate with the Agent.
2018-05-22 13:39:50.269 [4376:4472] [OERROR] [Explorer Probe] [McAfee::DLP::HTTP::Agent::ensureConnection] Failed connecting to agent.
2018-05-22 13:39:50.269 [4376:4472] [OERROR] [Explorer Probe] [`anonymous-namespace'::writeHookingSuppressed] Failed connecting to agent.
2018-05-22 13:39:50.278 [4376:4472] [OERROR] [Explorer Probe] [`anonymous-namespace'::pipeHandshake] pipeHandshake: cannot communicate with the Agent.
2018-05-22 13:39:50.279 [4376:4472] [OERROR] [Explorer Probe] [McAfee::DLP::HTTP::Agent::ensureConnection] Failed connecting to agent.
2018-05-22 13:39:50.279 [4376:4472] [OERROR] [Explorer Probe] [`anonymous-namespace'::writeHookingSuppressed] Failed connecting to agent.
2018-05-22 13:39:50.381 [4376:4472] [OERROR] [Explorer Probe] [`anonymous-namespace'::pipeHandshake] pipeHandshake: cannot communicate with the Agent.
2018-05-22 13:39:50.381 [4376:4472] [OERROR] [Explorer Probe] [McAfee::DLP::HTTP::Agent::ensureConnection] Failed connecting to agent.
2018-05-22 13:39:50.382 [4376:4472] [OERROR] [Explorer Probe] [`anonymous-namespace'::writeHookingSuppressed] Failed connecting to agent.
2018-05-22 13:39:50.386 [4376:4472] [OERROR] [Explorer Probe] [`anonymous-namespace'::pipeHandshake] pipeHandshake: cannot communicate with the Agent.
2018-05-22 13:39:50.386 [4376:4472] [OERROR] [Explorer Probe] [McAfee::DLP::HTTP::Agent::ensureConnection] Failed connecting to agent.
2018-05-22 13:39:50.387 [4376:4472] [OERROR] [Explorer Probe] [`anonymous-namespace'::writeHookingSuppressed] Failed connecting to agent.
2018-05-22 13:39:50.853 [4376:4472] [OERROR] [Explorer Probe] [`anonymous-namespace'::pipeHandshake] pipeHandshake: cannot communicate with the Agent.
2018-05-22 13:39:50.853 [4376:4472] [OERROR] [Explorer Probe] [McAfee::DLP::HTTP::Agent::ensureConnection] Failed connecting to agent.
2018-05-22 13:39:50.853 [4376:4472] [OERROR] [Explorer Probe] [`anonymous-namespace'::writeHookingSuppressed] Failed connecting to agent.
2018-05-22 13:39:50.880 [4376:4472] [OERROR] [Explorer Probe] [`anonymous-namespace'::pipeHandshake] pipeHandshake: cannot communicate with the Agent.
2018-05-22 13:39:50.880 [4376:4472] [OERROR] [Explorer Probe] [McAfee::DLP::HTTP::Agent::ensureConnection] Failed connecting to agent.
2018-05-22 13:39:50.880 [4376:4472] [OERROR] [Explorer Probe] [`anonymous-namespace'::writeHookingSuppressed] Failed connecting to agent.
2018-05-22 13:39:51.089 [4376:4404] [OERROR] [Explorer Probe] [McAfee::DLP::Chrome::ssl_hooking::ssl_hooking_init_thread] No valid offset is available for SSL_free. Current Chrome version: 66.0.3359.181
2018-05-22 13:39:51.879 [4376:4472] [OERROR] [Explorer Probe] [`anonymous-namespace'::pipeHandshake] pipeHandshake: cannot communicate with the Agent.
2018-05-22 13:39:51.880 [4376:4472] [OERROR] [Explorer Probe] [McAfee::DLP::HTTP::Agent::ensureConnection] Failed connecting to agent.
2018-05-22 13:39:51.880 [4376:4472] [OERROR] [Explorer Probe] [`anonymous-namespace'::writeHookingSuppressed] Failed connecting to agent.
2018-05-22 13:39:51.993 [4376:4472] [OERROR] [Explorer Probe] [`anonymous-namespace'::pipeHandshake] pipeHandshake: cannot communicate with the Agent.
2018-05-22 13:39:51.994 [4376:4472] [OERROR] [Explorer Probe] [McAfee::DLP::HTTP::Agent::ensureConnection] Failed connecting to agent.
2018-05-22 13:39:51.994 [4376:4472] [OERROR] [Explorer Probe] [`anonymous-namespace'::writeHookingSuppressed] Failed connecting to agent.
2018-05-22 13:39:52.089 [4376:4404] [OERROR] [Explorer Probe] [McAfee::DLP::Chrome::ssl_hooking::ssl_hooking_init_thread] No valid offset is available for SSL_free. Current Chrome version: 66.0.3359.181
2018-05-22 13:39:53.089 [4376:4404] [OERROR] [Explorer Probe] [McAfee::DLP::Chrome::ssl_hooking::ssl_hooking_init_thread] No valid offset is available for SSL_free. Current Chrome version: 66.0.3359.181
2018-05-22 13:39:54.089 [4376:4404] [OERROR] [Explorer Probe] [McAfee::DLP::Chrome::ssl_hooking::ssl_hooking_init_thread] No valid offset is available for SSL_free. Current Chrome version: 66.0.3359.181
2018-05-22 13:39:55.089 [4376:4404] [OERROR] [Explorer Probe] [McAfee::DLP::Chrome::ssl_hooking::ssl_hooking_init_thread] No valid offset is available for SSL_free. Current Chrome version: 66.0.3359.181
2018-05-22 13:39:55.219 [4376:4472] [OERROR] [Explorer Probe] [`anonymous-namespace'::pipeHandshake] pipeHandshake: cannot communicate with the Agent.
2018-05-22 13:39:55.219 [4376:4472] [OERROR] [Explorer Probe] [McAfee::DLP::HTTP::Agent::ensureConnection] Failed connecting to agent.
2018-05-22 13:39:55.219 [4376:4472] [OERROR] [Explorer Probe] [`anonymous-namespace'::writeHookingSuppressed] Failed connecting to agent.
2018-05-22 13:39:56.089 [4376:4404] [OERROR] [Explorer Probe] [McAfee::DLP::Chrome::ssl_hooking::ssl_hooking_init_thread] No valid offset is available for SSL_free. Current Chrome version: 66.0.3359.181
2018-05-22 13:39:57.111 [4376:4404] [OERROR] [Explorer Probe] [McAfee::DLP::Chrome::ssl_hooking::ssl_hooking_init_thread] No valid offset is available for SSL_free. Current Chrome version: 66.0.3359.181
2018-05-22 13:39:57.252 [4376:4472] [OERROR] [Explorer Probe] [`anonymous-namespace'::pipeHandshake] pipeHandshake: cannot communicate with the Agent.
2018-05-22 13:39:57.252 [4376:4472] [OERROR] [Explorer Probe] [McAfee::DLP::HTTP::Agent::ensureConnection] Failed connecting to agent.
2018-05-22 13:39:57.252 [4376:4472] [OERROR] [Explorer Probe] [`anonymous-namespace'::writeHookingSuppressed] Failed connecting to agent.
2018-05-22 13:39:57.270 [4376:4472] [OERROR] [Explorer Probe] [`anonymous-namespace'::pipeHandshake] pipeHandshake: cannot communicate with the Agent.
2018-05-22 13:39:57.270 [4376:4472] [OERROR] [Explorer Probe] [McAfee::DLP::HTTP::Agent::ensureConnection] Failed connecting to agent.
2018-05-22 13:39:57.271 [4376:4472] [OERROR] [Explorer Probe] [`anonymous-namespace'::writeHookingSuppressed] Failed connecting to agent.
2018-05-22 13:39:57.417 [4376:4472] [OERROR] [Explorer Probe] [`anonymous-namespace'::pipeHandshake] pipeHandshake: cannot communicate with the Agent.
2018-05-22 13:39:57.417 [4376:4472] [OERROR] [Explorer Probe] [McAfee::DLP::HTTP::Agent::ensureConnection] Failed connecting to agent.
2018-05-22 13:39:57.418 [4376:4472] [OERROR] [Explorer Probe] [`anonymous-namespace'::writeHookingSuppressed] Failed connecting to agent.
2018-05-22 13:39:57.624 [4376:4472] [OERROR] [Explorer Probe] [`anonymous-namespace'::pipeHandshake] pipeHandshake: cannot communicate with the Agent.
2018-05-22 13:39:57.624 [4376:4472] [OERROR] [Explorer Probe] [McAfee::DLP::HTTP::Agent::ensureConnection] Failed connecting to agent.
2018-05-22 13:39:57.624 [4376:4472] [OERROR] [Explorer Probe] [`anonymous-namespace'::writeHookingSuppressed] Failed connecting to agent.
2018-05-22 13:39:57.779 [4376:4472] [OERROR] [Explorer Probe] [`anonymous-namespace'::pipeHandshake] pipeHandshake: cannot communicate with the Agent.
2018-05-22 13:39:57.779 [4376:4472] [OERROR] [Explorer Probe] [McAfee::DLP::HTTP::Agent::ensureConnection] Failed connecting to agent.
2018-05-22 13:39:57.779 [4376:4472] [OERROR] [Explorer Probe] [`anonymous-namespace'::writeHookingSuppressed] Failed connecting to agent.
2018-05-22 13:39:57.782 [4376:4472] [OERROR] [Explorer Probe] [`anonymous-namespace'::pipeHandshake] pipeHandshake: cannot communicate with the Agent.
2018-05-22 13:39:57.782 [4376:4472] [OERROR] [Explorer Probe] [McAfee::DLP::HTTP::Agent::ensureConnection] Failed connecting to agent.
2018-05-22 13:39:57.782 [4376:4472] [OERROR] [Explorer Probe] [`anonymous-namespace'::writeHookingSuppressed] Failed connecting to agent.
2018-05-22 13:39:57.903 [4376:4472] [OERROR] [Explorer Probe] [`anonymous-namespace'::pipeHandshake] pipeHandshake: cannot communicate with the Agent.
2018-05-22 13:39:57.903 [4376:4472] [OERROR] [Explorer Probe] [McAfee::DLP::HTTP::Agent::ensureConnection] Failed connecting to agent.
2018-05-22 13:39:57.903 [4376:4472] [OERROR] [Explorer Probe] [`anonymous-namespace'::writeHookingSuppressed] Failed connecting to agent.
2018-05-22 13:39:57.909 [4376:4472] [OERROR] [Explorer Probe] [`anonymous-namespace'::pipeHandshake] pipeHandshake: cannot communicate with the Agent.
2018-05-22 13:39:57.909 [4376:4472] [OERROR] [Explorer Probe] [McAfee::DLP::HTTP::Agent::ensureConnection] Failed connecting to agent.
2018-05-22 13:39:57.909 [4376:4472] [OERROR] [Explorer Probe] [`anonymous-namespace'::writeHookingSuppressed] Failed connecting to agent.
2018-05-22 13:39:57.919 [4376:4472] [OERROR] [Explorer Probe] [`anonymous-namespace'::pipeHandshake] pipeHandshake: cannot communicate with the Agent.
2018-05-22 13:39:57.919 [4376:4472] [OERROR] [Explorer Probe] [McAfee::DLP::HTTP::Agent::ensureConnection] Failed connecting to agent.
2018-05-22 13:39:57.919 [4376:4472] [OERROR] [Explorer Probe] [`anonymous-namespace'::writeHookingSuppressed] Failed connecting to agent.
2018-05-22 13:39:57.920 [4376:4472] [OERROR] [Explorer Probe] [`anonymous-namespace'::pipeHandshake] pipeHandshake: cannot communicate with the Agent.
2018-05-22 13:39:57.920 [4376:4472] [OERROR] [Explorer Probe] [McAfee::DLP::HTTP::Agent::ensureConnection] Failed connecting to agent.
2018-05-22 13:39:57.920 [4376:4472] [OERROR] [Explorer Probe] [`anonymous-namespace'::writeHookingSuppressed] Failed connecting to agent.
2018-05-22 13:39:57.922 [4376:4472] [OERROR] [Explorer Probe] [`anonymous-namespace'::pipeHandshake] pipeHandshake: cannot communicate with the Agent.
2018-05-22 13:39:57.922 [4376:4472] [OERROR] [Explorer Probe] [McAfee::DLP::HTTP::Agent::ensureConnection] Failed connecting to agent.
2018-05-22 13:39:57.922 [4376:4472] [OERROR] [Explorer Probe] [`anonymous-namespace'::writeHookingSuppressed] Failed connecting to agent.
2018-05-22 13:39:58.005 [4376:4472] [OERROR] [Explorer Probe] [`anonymous-namespace'::pipeHandshake] pipeHandshake: cannot communicate with the Agent.
2018-05-22 13:39:58.006 [4376:4472] [OERROR] [Explorer Probe] [McAfee::DLP::HTTP::Agent::ensureConnection] Failed connecting to agent.
2018-05-22 13:39:58.006 [4376:4472] [OERROR] [Explorer Probe] [`anonymous-namespace'::writeHookingSuppressed] Failed connecting to agent.
2018-05-22 13:39:58.097 [4376:4404] [OERROR] [Explorer Probe] [McAfee::DLP::Chrome::ssl_hooking::ssl_hooking_init_thread] No valid offset is available for SSL_free. Current Chrome version: 66.0.3359.181
2018-05-22 13:39:58.248 [4376:4472] [OERROR] [Explorer Probe] [`anonymous-namespace'::pipeHandshake] pipeHandshake: cannot communicate with the Agent.
2018-05-22 13:39:58.249 [4376:4472] [OERROR] [Explorer Probe] [McAfee::DLP::HTTP::Agent::ensureConnection] Failed connecting to agent.
2018-05-22 13:39:58.249 [4376:4472] [OERROR] [Explorer Probe] [`anonymous-namespace'::writeHookingSuppressed] Failed connecting to agent.
2018-05-22 13:39:59.098 [4376:4404] [OERROR] [Explorer Probe] [McAfee::DLP::Chrome::ssl_hooking::ssl_hooking_init_thread] No valid offset is available for SSL_free. Current Chrome version: 66.0.3359.181
2018-05-22 13:40:00.098 [4376:4404] [OERROR] [Explorer Probe] [McAfee::DLP::Chrome::ssl_hooking::ssl_hooking_init_thread] No valid offset is available for SSL_free. Current Chrome version: 66.0.3359.181
2018-05-22 13:40:01.098 [4376:4404] [OERROR] [Explorer Probe] [McAfee::DLP::Chrome::ssl_hooking::ssl_hooking_init_thread] No valid offset is available for SSL_free. Current Chrome version: 66.0.3359.181
2018-05-22 13:40:01.195 [4376:4472] [OERROR] [Explorer Probe] [`anonymous-namespace'::pipeHandshake] pipeHandshake: cannot communicate with the Agent.
2018-05-22 13:40:01.196 [4376:4472] [OERROR] [Explorer Probe] [McAfee::DLP::HTTP::Agent::ensureConnection] Failed connecting to agent.
2018-05-22 13:40:01.196 [4376:4472] [OERROR] [Explorer Probe] [`anonymous-namespace'::writeHookingSuppressed] Failed connecting to agent.
2018-05-22 13:40:01.209 [4376:4472] [OERROR] [Explorer Probe] [`anonymous-namespace'::pipeHandshake] pipeHandshake: cannot communicate with the Agent.
2018-05-22 13:40:01.209 [4376:4472] [OERROR] [Explorer Probe] [McAfee::DLP::HTTP::Agent::ensureConnection] Failed connecting to agent.
2018-05-22 13:40:01.210 [4376:4472] [OERROR] [Explorer Probe] [`anonymous-namespace'::writeHookingSuppressed] Failed connecting to agent.
2018-05-22 13:40:01.250 [4376:4472] [OERROR] [Explorer Probe] [`anonymous-namespace'::pipeHandshake] pipeHandshake: cannot communicate with the Agent.
2018-05-22 13:40:01.250 [4376:4472] [OERROR] [Explorer Probe] [McAfee::DLP::HTTP::Agent::ensureConnection] Failed connecting to agent.
2018-05-22 13:40:01.250 [4376:4472] [OERROR] [Explorer Probe] [`anonymous-namespace'::writeHookingSuppressed] Failed connecting to agent.
2018-05-22 13:40:01.263 [4376:4472] [OERROR] [Explorer Probe] [`anonymous-namespace'::pipeHandshake] pipeHandshake: cannot communicate with the Agent.
2018-05-22 13:40:01.264 [4376:4472] [OERROR] [Explorer Probe] [McAfee::DLP::HTTP::Agent::ensureConnection] Failed connecting to agent.
2018-05-22 13:40:01.264 [4376:4472] [OERROR] [Explorer Probe] [`anonymous-namespace'::writeHookingSuppressed] Failed connecting to agent.
2018-05-22 13:40:01.265 [4376:4472] [OERROR] [Explorer Probe] [`anonymous-namespace'::pipeHandshake] pipeHandshake: cannot communicate with the Agent.
2018-05-22 13:40:01.265 [4376:4472] [OERROR] [Explorer Probe] [McAfee::DLP::HTTP::Agent::ensureConnection] Failed connecting to agent.
2018-05-22 13:40:01.265 [4376:4472] [OERROR] [Explorer Probe] [`anonymous-namespace'::writeHookingSuppressed] Failed connecting to agent.
2018-05-22 13:40:01.437 [4376:4472] [OERROR] [Explorer Probe] [`anonymous-namespace'::pipeHandshake] pipeHandshake: cannot communicate with the Agent.
2018-05-22 13:40:01.438 [4376:4472] [OERROR] [Explorer Probe] [McAfee::DLP::HTTP::Agent::ensureConnection] Failed connecting to agent.
2018-05-22 13:40:01.438 [4376:4472] [OERROR] [Explorer Probe] [`anonymous-namespace'::writeHookingSuppressed] Failed connecting to agent.
2018-05-22 13:40:02.098 [4376:4404] [OERROR] [Explorer Probe] [McAfee::DLP::Chrome::ssl_hooking::ssl_hooking_init_thread] No valid offset is available for SSL_free. Current Chrome version: 66.0.3359.181
2018-05-22 13:40:02.545 [4376:4472] [OERROR] [Explorer Probe] [`anonymous-namespace'::pipeHandshake] pipeHandshake: cannot communicate with the Agent.
2018-05-22 13:40:02.545 [4376:4472] [OERROR] [Explorer Probe] [McAfee::DLP::HTTP::Agent::ensureConnection] Failed connecting to agent.
2018-05-22 13:40:02.545 [4376:4472] [OERROR] [Explorer Probe] [`anonymous-namespace'::writeHookingSuppressed] Failed connecting to agent.
2018-05-22 13:40:02.880 [4376:4472] [OERROR] [Explorer Probe] [`anonymous-namespace'::pipeHandshake] pipeHandshake: cannot communicate with the Agent.
2018-05-22 13:40:02.881 [4376:4472] [OERROR] [Explorer Probe] [McAfee::DLP::HTTP::Agent::ensureConnection] Failed connecting to agent.
2018-05-22 13:40:02.881 [4376:4472] [OERROR] [Explorer Probe] [`anonymous-namespace'::writeHookingSuppressed] Failed connecting to agent.
2018-05-22 13:40:03.024 [4376:4472] [OERROR] [Explorer Probe] [`anonymous-namespace'::pipeHandshake] pipeHandshake: cannot communicate with the Agent.
2018-05-22 13:40:03.024 [4376:4472] [OERROR] [Explorer Probe] [McAfee::DLP::HTTP::Agent::ensureConnection] Failed connecting to agent.
2018-05-22 13:40:03.024 [4376:4472] [OERROR] [Explorer Probe] [`anonymous-namespace'::writeHookingSuppressed] Failed connecting to agent.
2018-05-22 13:40:03.067 [4376:4472] [OERROR] [Explorer Probe] [`anonymous-namespace'::pipeHandshake] pipeHandshake: cannot communicate with the Agent.
2018-05-22 13:40:03.068 [4376:4472] [OERROR] [Explorer Probe] [McAfee::DLP::HTTP::Agent::ensureConnection] Failed connecting to agent.
2018-05-22 13:40:03.068 [4376:4472] [OERROR] [Explorer Probe] [`anonymous-namespace'::writeHookingSuppressed] Failed connecting to agent.
2018-05-22 13:40:03.081 [4376:4472] [OERROR] [Explorer Probe] [`anonymous-namespace'::pipeHandshake] pipeHandshake: cannot communicate with the Agent.
2018-05-22 13:40:03.082 [4376:4472] [OERROR] [Explorer Probe] [McAfee::DLP::HTTP::Agent::ensureConnection] Failed connecting to agent.
2018-05-22 13:40:03.082 [4376:4472] [OERROR] [Explorer Probe] [`anonymous-namespace'::writeHookingSuppressed] Failed connecting to agent.
2018-05-22 13:40:03.083 [4376:4472] [OERROR] [Explorer Probe] [`anonymous-namespace'::pipeHandshake] pipeHandshake: cannot communicate with the Agent.
2018-05-22 13:40:03.083 [4376:4472] [OERROR] [Explorer Probe] [McAfee::DLP::HTTP::Agent::ensureConnection] Failed connecting to agent.
2018-05-22 13:40:03.084 [4376:4472] [OERROR] [Explorer Probe] [`anonymous-namespace'::writeHookingSuppressed] Failed connecting to agent.
2018-05-22 13:40:03.085 [4376:4472] [OERROR] [Explorer Probe] [`anonymous-namespace'::pipeHandshake] pipeHandshake: cannot communicate with the Agent.
2018-05-22 13:40:03.085 [4376:4472] [OERROR] [Explorer Probe] [McAfee::DLP::HTTP::Agent::ensureConnection] Failed connecting to agent.
2018-05-22 13:40:03.085 [4376:4472] [OERROR] [Explorer Probe] [`anonymous-namespace'::writeHookingSuppressed] Failed connecting to agent.
2018-05-22 13:40:03.092 [4376:4472] [OERROR] [Explorer Probe] [`anonymous-namespace'::pipeHandshake] pipeHandshake: cannot communicate with the Agent.
2018-05-22 13:40:03.092 [4376:4472] [OERROR] [Explorer Probe] [McAfee::DLP::HTTP::Agent::ensureConnection] Failed connecting to agent.
2018-05-22 13:40:03.093 [4376:4472] [OERROR] [Explorer Probe] [`anonymous-namespace'::writeHookingSuppressed] Failed connecting to agent.
2018-05-22 13:40:03.094 [4376:4472] [OERROR] [Explorer Probe] [`anonymous-namespace'::pipeHandshake] pipeHandshake: cannot communicate with the Agent.
2018-05-22 13:40:03.094 [4376:4472] [OERROR] [Explorer Probe] [McAfee::DLP::HTTP::Agent::ensureConnection] Failed connecting to agent.
2018-05-22 13:40:03.094 [4376:4472] [OERROR] [Explorer Probe] [`anonymous-namespace'::writeHookingSuppressed] Failed connecting to agent.
2018-05-22 13:40:03.098 [4376:4404] [OERROR] [Explorer Probe] [McAfee::DLP::Chrome::ssl_hooking::ssl_hooking_init_thread] No valid offset is available for SSL_free. Current Chrome version: 66.0.3359.181
2018-05-22 13:40:03.109 [4376:4472] [OERROR] [Explorer Probe] [`anonymous-namespace'::pipeHandshake] pipeHandshake: cannot communicate with the Agent.
2018-05-22 13:40:03.109 [4376:4472] [OERROR] [Explorer Probe] [McAfee::DLP::HTTP::Agent::ensureConnection] Failed connecting to agent.
2018-05-22 13:40:03.109 [4376:4472] [OERROR] [Explorer Probe] [`anonymous-namespace'::writeHookingSuppressed] Failed connecting to agent.
2018-05-22 13:40:03.111 [4376:4472] [OERROR] [Explorer Probe] [`anonymous-namespace'::pipeHandshake] pipeHandshake: cannot communicate with the Agent.
2018-05-22 13:40:03.111 [4376:4472] [OERROR] [Explorer Probe] [McAfee::DLP::HTTP::Agent::ensureConnection] Failed connecting to agent.
2018-05-22 13:40:03.111 [4376:4472] [OERROR] [Explorer Probe] [`anonymous-namespace'::writeHookingSuppressed] Failed connecting to agent.
2018-05-22 13:40:03.112 [4376:4472] [OERROR] [Explorer Probe] [`anonymous-namespace'::pipeHandshake] pipeHandshake: cannot communicate with the Agent.
2018-05-22 13:40:03.113 [4376:4472] [OERROR] [Explorer Probe] [McAfee::DLP::HTTP::Agent::ensureConnection] Failed connecting to agent.
2018-05-22 13:40:03.113 [4376:4472] [OERROR] [Explorer Probe] [`anonymous-namespace'::writeHookingSuppressed] Failed connecting to agent.
2018-05-22 13:40:03.118 [4376:4472] [OERROR] [Explorer Probe] [`anonymous-namespace'::pipeHandshake] pipeHandshake: cannot communicate with the Agent.
2018-05-22 13:40:03.119 [4376:4472] [OERROR] [Explorer Probe] [McAfee::DLP::HTTP::Agent::ensureConnection] Failed connecting to agent.
2018-05-22 13:40:03.119 [4376:4472] [OERROR] [Explorer Probe] [`anonymous-namespace'::writeHookingSuppressed] Failed connecting to agent.
2018-05-22 13:40:03.151 [4376:4472] [OERROR] [Explorer Probe] [`anonymous-namespace'::pipeHandshake] pipeHandshake: cannot communicate with the Agent.
2018-05-22 13:40:03.151 [4376:4472] [OERROR] [Explorer Probe] [McAfee::DLP::HTTP::Agent::ensureConnection] Failed connecting to agent.
2018-05-22 13:40:03.151 [4376:4472] [OERROR] [Explorer Probe] [`anonymous-namespace'::writeHookingSuppressed] Failed connecting to agent.
2018-05-22 13:40:03.169 [4376:4472] [OERROR] [Explorer Probe] [`anonymous-namespace'::pipeHandshake] pipeHandshake: cannot communicate with the Agent.
2018-05-22 13:40:03.170 [4376:4472] [OERROR] [Explorer Probe] [McAfee::DLP::HTTP::Agent::ensureConnection] Failed connecting to agent.
2018-05-22 13:40:03.170 [4376:4472] [OERROR] [Explorer Probe] [`anonymous-namespace'::writeHookingSuppressed] Failed connecting to agent.
2018-05-22 13:40:03.172 [4376:4472] [OERROR] [Explorer Probe] [`anonymous-namespace'::pipeHandshake] pipeHandshake: cannot communicate with the Agent.
2018-05-22 13:40:03.172 [4376:4472] [OERROR] [Explorer Probe] [McAfee::DLP::HTTP::Agent::ensureConnection] Failed connecting to agent.
2018-05-22 13:40:03.172 [4376:4472] [OERROR] [Explorer Probe] [`anonymous-namespace'::writeHookingSuppressed] Failed connecting to agent.
2018-05-22 13:40:03.175 [4376:4472] [OERROR] [Explorer Probe] [`anonymous-namespace'::pipeHandshake] pipeHandshake: cannot communicate with the Agent.
2018-05-22 13:40:03.175 [4376:4472] [OERROR] [Explorer Probe] [McAfee::DLP::HTTP::Agent::ensureConnection] Failed connecting to agent.
2018-05-22 13:40:03.175 [4376:4472] [OERROR] [Explorer Probe] [`anonymous-namespace'::writeHookingSuppressed] Failed connecting to agent.
2018-05-22 13:40:03.187 [4376:4472] [OERROR] [Explorer Probe] [`anonymous-namespace'::pipeHandshake] pipeHandshake: cannot communicate with the Agent.
2018-05-22 13:40:03.187 [4376:4472] [OERROR] [Explorer Probe] [McAfee::DLP::HTTP::Agent::ensureConnection] Failed connecting to agent.
2018-05-22 13:40:03.187 [4376:4472] [OERROR] [Explorer Probe] [`anonymous-namespace'::writeHookingSuppressed] Failed connecting to agent.
2018-05-22 13:40:03.236 [4376:4472] [OERROR] [Explorer Probe] [`anonymous-namespace'::pipeHandshake] pipeHandshake: cannot communicate with the Agent.
2018-05-22 13:40:03.236 [4376:4472] [OERROR] [Explorer Probe] [McAfee::DLP::HTTP::Agent::ensureConnection] Failed connecting to agent.
2018-05-22 13:40:03.237 [4376:4472] [OERROR] [Explorer Probe] [`anonymous-namespace'::writeHookingSuppressed] Failed connecting to agent.
2018-05-22 13:40:03.383 [4376:4472] [OERROR] [Explorer Probe] [`anonymous-namespace'::pipeHandshake] pipeHandshake: cannot communicate with the Agent.
2018-05-22 13:40:03.383 [4376:4472] [OERROR] [Explorer Probe] [McAfee::DLP::HTTP::Agent::ensureConnection] Failed connecting to agent.
2018-05-22 13:40:03.383 [4376:4472] [OERROR] [Explorer Probe] [`anonymous-namespace'::writeHookingSuppressed] Failed connecting to agent.
2018-05-22 13:40:03.384 [4376:4472] [OERROR] [Explorer Probe] [`anonymous-namespace'::pipeHandshake] pipeHandshake: cannot communicate with the Agent.
2018-05-22 13:40:03.384 [4376:4472] [OERROR] [Explorer Probe] [McAfee::DLP::HTTP::Agent::ensureConnection] Failed connecting to agent.
2018-05-22 13:40:03.384 [4376:4472] [OERROR] [Explorer Probe] [`anonymous-namespace'::writeHookingSuppressed] Failed connecting to agent.
2018-05-22 13:40:03.385 [4376:4472] [OERROR] [Explorer Probe] [`anonymous-namespace'::pipeHandshake] pipeHandshake: cannot communicate with the Agent.
2018-05-22 13:40:03.386 [4376:4472] [OERROR] [Explorer Probe] [McAfee::DLP::HTTP::Agent::ensureConnection] Failed connecting to agent.
2018-05-22 13:40:03.386 [4376:4472] [OERROR] [Explorer Probe] [`anonymous-namespace'::writeHookingSuppressed] Failed connecting to agent.
2018-05-22 13:40:03.411 [4376:4472] [OERROR] [Explorer Probe] [`anonymous-namespace'::pipeHandshake] pipeHandshake: cannot communicate with the Agent.
2018-05-22 13:40:03.412 [4376:4472] [OERROR] [Explorer Probe] [McAfee::DLP::HTTP::Agent::ensureConnection] Failed connecting to agent.
2018-05-22 13:40:03.412 [4376:4472] [OERROR] [Explorer Probe] [`anonymous-namespace'::writeHookingSuppressed] Failed connecting to agent.
2018-05-22 13:40:03.415 [4376:4472] [OERROR] [Explorer Probe] [`anonymous-namespace'::pipeHandshake] pipeHandshake: cannot communicate with the Agent.
2018-05-22 13:40:03.415 [4376:4472] [OERROR] [Explorer Probe] [McAfee::DLP::HTTP::Agent::ensureConnection] Failed connecting to agent.
2018-05-22 13:40:03.415 [4376:4472] [OERROR] [Explorer Probe] [`anonymous-namespace'::writeHookingSuppressed] Failed connecting to agent.
2018-05-22 13:40:03.417 [4376:4472] [OERROR] [Explorer Probe] [`anonymous-namespace'::pipeHandshake] pipeHandshake: cannot communicate with the Agent.
2018-05-22 13:40:03.417 [4376:4472] [OERROR] [Explorer Probe] [McAfee::DLP::HTTP::Agent::ensureConnection] Failed connecting to agent.
2018-05-22 13:40:03.417 [4376:4472] [OERROR] [Explorer Probe] [`anonymous-namespace'::writeHookingSuppressed] Failed connecting to agent.
2018-05-22 13:40:03.418 [4376:4472] [OERROR] [Explorer Probe] [`anonymous-namespace'::pipeHandshake] pipeHandshake: cannot communicate with the Agent.
2018-05-22 13:40:03.418 [4376:4472] [OERROR] [Explorer Probe] [McAfee::DLP::HTTP::Agent::ensureConnection] Failed connecting to agent.
2018-05-22 13:40:03.418 [4376:4472] [OERROR] [Explorer Probe] [`anonymous-namespace'::writeHookingSuppressed] Failed connecting to agent.
2018-05-22 13:40:03.429 [4376:4472] [OERROR] [Explorer Probe] [`anonymous-namespace'::pipeHandshake] pipeHandshake: cannot communicate with the Agent.
2018-05-22 13:40:03.429 [4376:4472] [OERROR] [Explorer Probe] [McAfee::DLP::HTTP::Agent::ensureConnection] Failed connecting to agent.
2018-05-22 13:40:03.429 [4376:4472] [OERROR] [Explorer Probe] [`anonymous-namespace'::writeHookingSuppressed] Failed connecting to agent.
2018-05-22 13:40:03.629 [4376:4472] [OERROR] [Explorer Probe] [`anonymous-namespace'::pipeHandshake] pipeHandshake: cannot communicate with the Agent.
2018-05-22 13:40:03.629 [4376:4472] [OERROR] [Explorer Probe] [McAfee::DLP::HTTP::Agent::ensureConnection] Failed connecting to agent.
2018-05-22 13:40:03.629 [4376:4472] [OERROR] [Explorer Probe] [`anonymous-namespace'::writeHookingSuppressed] Failed connecting to agent.
2018-05-22 13:40:03.754 [4376:4472] [OERROR] [Explorer Probe] [`anonymous-namespace'::pipeHandshake] pipeHandshake: cannot communicate with the Agent.
2018-05-22 13:40:03.754 [4376:4472] [OERROR] [Explorer Probe] [McAfee::DLP::HTTP::Agent::ensureConnection] Failed connecting to agent.
2018-05-22 13:40:03.754 [4376:4472] [OERROR] [Explorer Probe] [`anonymous-namespace'::writeHookingSuppressed] Failed connecting to agent.
2018-05-22 13:40:03.765 [4376:4472] [OERROR] [Explorer Probe] [`anonymous-namespace'::pipeHandshake] pipeHandshake: cannot communicate with the Agent.
2018-05-22 13:40:03.765 [4376:4472] [OERROR] [Explorer Probe] [McAfee::DLP::HTTP::Agent::ensureConnection] Failed connecting to agent.
2018-05-22 13:40:03.766 [4376:4472] [OERROR] [Explorer Probe] [`anonymous-namespace'::writeHookingSuppressed] Failed connecting to agent.
2018-05-22 13:40:03.767 [4376:4472] [OERROR] [Explorer Probe] [`anonymous-namespace'::pipeHandshake] pipeHandshake: cannot communicate with the Agent.
2018-05-22 13:40:03.767 [4376:4472] [OERROR] [Explorer Probe] [McAfee::DLP::HTTP::Agent::ensureConnection] Failed connecting to agent.
2018-05-22 13:40:03.767 [4376:4472] [OERROR] [Explorer Probe] [`anonymous-namespace'::writeHookingSuppressed] Failed connecting to agent.
2018-05-22 13:40:03.768 [4376:4472] [OERROR] [Explorer Probe] [`anonymous-namespace'::pipeHandshake] pipeHandshake: cannot communicate with the Agent.
2018-05-22 13:40:03.768 [4376:4472] [OERROR] [Explorer Probe] [McAfee::DLP::HTTP::Agent::ensureConnection] Failed connecting to agent.
2018-05-22 13:40:03.768 [4376:4472] [OERROR] [Explorer Probe] [`anonymous-namespace'::writeHookingSuppressed] Failed connecting to agent.
2018-05-22 13:40:03.860 [4376:4472] [OERROR] [Explorer Probe] [`anonymous-namespace'::pipeHandshake] pipeHandshake: cannot communicate with the Agent.
2018-05-22 13:40:03.860 [4376:4472] [OERROR] [Explorer Probe] [McAfee::DLP::HTTP::Agent::ensureConnection] Failed connecting to agent.
2018-05-22 13:40:03.860 [4376:4472] [OERROR] [Explorer Probe] [`anonymous-namespace'::writeHookingSuppressed] Failed connecting to agent.
2018-05-22 13:40:03.886 [4376:4472] [OERROR] [Explorer Probe] [`anonymous-namespace'::pipeHandshake] pipeHandshake: cannot communicate with the Agent.
2018-05-22 13:40:03.886 [4376:4472] [OERROR] [Explorer Probe] [McAfee::DLP::HTTP::Agent::ensureConnection] Failed connecting to agent.
2018-05-22 13:40:03.887 [4376:4472] [OERROR] [Explorer Probe] [`anonymous-namespace'::writeHookingSuppressed] Failed connecting to agent.
2018-05-22 13:40:04.098 [4376:4404] [OERROR] [Explorer Probe] [McAfee::DLP::Chrome::ssl_hooking::ssl_hooking_init_thread] No valid offset is available for SSL_free. Current Chrome version: 66.0.3359.181
2018-05-22 13:40:04.190 [4376:4472] [OERROR] [Explorer Probe] [`anonymous-namespace'::pipeHandshake] pipeHandshake: cannot communicate with the Agent.
2018-05-22 13:40:04.190 [4376:4472] [OERROR] [Explorer Probe] [McAfee::DLP::HTTP::Agent::ensureConnection] Failed connecting to agent.
2018-05-22 13:40:04.190 [4376:4472] [OERROR] [Explorer Probe] [`anonymous-namespace'::writeHookingSuppressed] Failed connecting to agent.
2018-05-22 13:40:05.124 [4376:4404] [OERROR] [Explorer Probe] [McAfee::DLP::Chrome::ssl_hooking::ssl_hooking_init_thread] No valid offset is available for SSL_free. Current Chrome version: 66.0.3359.181
2018-05-22 13:40:06.153 [4376:4404] [OERROR] [Explorer Probe] [McAfee::DLP::Chrome::ssl_hooking::ssl_hooking_init_thread] No valid offset is available for SSL_free. Current Chrome version: 66.0.3359.181
2018-05-22 13:40:06.307 [4376:4472] [OERROR] [Explorer Probe] [`anonymous-namespace'::pipeHandshake] pipeHandshake: cannot communicate with the Agent.
2018-05-22 13:40:06.308 [4376:4472] [OERROR] [Explorer Probe] [McAfee::DLP::HTTP::Agent::ensureConnection] Failed connecting to agent.
2018-05-22 13:40:06.308 [4376:4472] [OERROR] [Explorer Probe] [`anonymous-namespace'::writeHookingSuppressed] Failed connecting to agent.
2018-05-22 13:40:06.308 [4376:4472] [OERROR] [Explorer Probe] [`anonymous-namespace'::pipeHandshake] pipeHandshake: cannot communicate with the Agent.
2018-05-22 13:40:06.308 [4376:4472] [OERROR] [Explorer Probe] [McAfee::DLP::HTTP::Agent::ensureConnection] Failed connecting to agent.
2018-05-22 13:40:06.308 [4376:4472] [OERROR] [Explorer Probe] [`anonymous-namespace'::writeHookingSuppressed] Failed connecting to agent.
2018-05-22 13:40:07.124 [4376:4404] [OERROR] [Explorer Probe] [McAfee::DLP::Chrome::ssl_hooking::ssl_hooking_init_thread] No valid offset is available for SSL_free. Current Chrome version: 66.0.3359.181
2018-05-22 13:40:08.130 [4376:4404] [OERROR] [Explorer Probe] [McAfee::DLP::Chrome::ssl_hooking::ssl_hooking_init_thread] No valid offset is available for SSL_free. Current Chrome version: 66.0.3359.181
2018-05-22 13:40:09.168 [4376:4404] [OERROR] [Explorer Probe] [McAfee::DLP::Chrome::ssl_hooking::ssl_hooking_init_thread] No valid offset is available for SSL_free. Current Chrome version: 66.0.3359.181
2018-05-22 13:40:10.139 [4376:4404] [OERROR] [Explorer Probe] [McAfee::DLP::Chrome::ssl_hooking::ssl_hooking_init_thread] No valid offset is available for SSL_free. Current Chrome version: 66.0.3359.181
2018-05-22 13:40:10.843 [4376:4472] [OERROR] [Explorer Probe] [`anonymous-namespace'::pipeHandshake] pipeHandshake: cannot communicate with the Agent.
2018-05-22 13:40:10.843 [4376:4472] [OERROR] [Explorer Probe] [McAfee::DLP::HTTP::Agent::ensureConnection] Failed connecting to agent.
2018-05-22 13:40:10.843 [4376:4472] [OERROR] [Explorer Probe] [`anonymous-namespace'::writeHookingSuppressed] Failed connecting to agent.
2018-05-22 13:40:10.843 [4376:4472] [OERROR] [Explorer Probe] [`anonymous-namespace'::pipeHandshake] pipeHandshake: cannot communicate with the Agent.
2018-05-22 13:40:10.843 [4376:4472] [OERROR] [Explorer Probe] [McAfee::DLP::HTTP::Agent::ensureConnection] Failed connecting to agent.
2018-05-22 13:40:10.843 [4376:4472] [OERROR] [Explorer Probe] [`anonymous-namespace'::writeHookingSuppressed] Failed connecting to agent.
2018-05-22 13:40:10.868 [4376:4472] [OERROR] [Explorer Probe] [`anonymous-namespace'::pipeHandshake] pipeHandshake: cannot communicate with the Agent.
2018-05-22 13:40:10.869 [4376:4472] [OERROR] [Explorer Probe] [McAfee::DLP::HTTP::Agent::ensureConnection] Failed connecting to agent.
2018-05-22 13:40:10.869 [4376:4472] [OERROR] [Explorer Probe] [`anonymous-namespace'::writeHookingSuppressed] Failed connecting to agent.
2018-05-22 13:40:11.184 [4376:4404] [OERROR] [Explorer Probe] [McAfee::DLP::Chrome::ssl_hooking::ssl_hooking_init_thread] No valid offset is available for SSL_free. Current Chrome version: 66.0.3359.181
2018-05-22 13:40:12.195 [4376:4404] [OERROR] [Explorer Probe] [McAfee::DLP::Chrome::ssl_hooking::ssl_hooking_init_thread] No valid offset is available for SSL_free. Current Chrome version: 66.0.3359.181
2018-05-22 13:40:13.195 [4376:4404] [OERROR] [Explorer Probe] [McAfee::DLP::Chrome::ssl_hooking::ssl_hooking_init_thread] No valid offset is available for SSL_free. Current Chrome version: 66.0.3359.181
2018-05-22 13:40:14.209 [4376:4404] [OERROR] [Explorer Probe] [McAfee::DLP::Chrome::ssl_hooking::ssl_hooking_init_thread] No valid offset is available for SSL_free. Current Chrome version: 66.0.3359.181
2018-05-22 13:40:14.419 [4376:4472] [OERROR] [Explorer Probe] [`anonymous-namespace'::pipeHandshake] pipeHandshake: cannot communicate with the Agent.
2018-05-22 13:40:14.419 [4376:4472] [OERROR] [Explorer Probe] [McAfee::DLP::HTTP::Agent::ensureConnection] Failed connecting to agent.
2018-05-22 13:40:14.419 [4376:4472] [OERROR] [Explorer Probe] [`anonymous-namespace'::writeHookingSuppressed] Failed connecting to agent.
2018-05-22 13:40:14.432 [4376:4472] [OERROR] [Explorer Probe] [`anonymous-namespace'::pipeHandshake] pipeHandshake: cannot communicate with the Agent.
2018-05-22 13:40:14.432 [4376:4472] [OERROR] [Explorer Probe] [McAfee::DLP::HTTP::Agent::ensureConnection] Failed connecting to agent.
2018-05-22 13:40:14.432 [4376:4472] [OERROR] [Explorer Probe] [`anonymous-namespace'::writeHookingSuppressed] Failed connecting to agent.
2018-05-22 13:40:14.433 [4376:4472] [OERROR] [Explorer Probe] [`anonymous-namespace'::pipeHandshake] pipeHandshake: cannot communicate with the Agent.
2018-05-22 13:40:14.433 [4376:4472] [OERROR] [Explorer Probe] [McAfee::DLP::HTTP::Agent::ensureConnection] Failed connecting to agent.
2018-05-22 13:40:14.433 [4376:4472] [OERROR] [Explorer Probe] [`anonymous-namespace'::writeHookingSuppressed] Failed connecting to agent.
2018-05-22 13:40:15.180 [4376:4404] [OERROR] [Explorer Probe] [McAfee::DLP::Chrome::ssl_hooking::ssl_hooking_init_thread] No valid offset is available for SSL_free. Current Chrome version: 66.0.3359.181
2018-05-22 13:40:16.190 [4376:4404] [OERROR] [Explorer Probe] [McAfee::DLP::Chrome::ssl_hooking::ssl_hooking_init_thread] No valid offset is available for SSL_free. Current Chrome version: 66.0.3359.181
2018-05-22 13:40:17.230 [4376:4404] [OERROR] [Explorer Probe] [McAfee::DLP::Chrome::ssl_hooking::ssl_hooking_init_thread] No valid offset is available for SSL_free. Current Chrome version: 66.0.3359.181
2018-05-22 13:40:18.237 [4376:4404] [OERROR] [Explorer Probe] [McAfee::DLP::Chrome::ssl_hooking::ssl_hooking_init_thread] No valid offset is available for SSL_free. Current Chrome version: 66.0.3359.181
2018-05-22 13:40:19.241 [4376:4404] [OERROR] [Explorer Probe] [McAfee::DLP::Chrome::ssl_hooking::ssl_hooking_init_thread] No valid offset is available for SSL_free. Current Chrome version: 66.0.3359.181
2018-05-22 13:40:20.246 [4376:4404] [OERROR] [Explorer Probe] [McAfee::DLP::Chrome::ssl_hooking::ssl_hooking_init_thread] No valid offset is available for SSL_free. Current Chrome version: 66.0.3359.181
2018-05-22 13:40:21.260 [4376:4404] [OERROR] [Explorer Probe] [McAfee::DLP::Chrome::ssl_hooking::ssl_hooking_init_thread] No valid offset is available for SSL_free. Current Chrome version: 66.0.3359.181
2018-05-22 13:40:22.269 [4376:4404] [OERROR] [Explorer Probe] [McAfee::DLP::Chrome::ssl_hooking::ssl_hooking_init_thread] No valid offset is available for SSL_free. Current Chrome version: 66.0.3359.181
2018-05-22 13:40:23.283 [4376:4404] [OERROR] [Explorer Probe] [McAfee::DLP::Chrome::ssl_hooking::ssl_hooking_init_thread] No valid offset is available for SSL_free. Current Chrome version: 66.0.3359.181
2018-05-22 13:40:24.294 [4376:4404] [OERROR] [Explorer Probe] [McAfee::DLP::Chrome::ssl_hooking::ssl_hooking_init_thread] No valid offset is available for SSL_free. Current Chrome version: 66.0.3359.181
2018-05-22 13:40:25.295 [4376:4404] [OERROR] [Explorer Probe] [McAfee::DLP::Chrome::ssl_hooking::ssl_hooking_init_thread] No valid offset is available for SSL_free. Current Chrome version: 66.0.3359.181
2018-05-22 13:40:26.299 [4376:4404] [OERROR] [Explorer Probe] [McAfee::DLP::Chrome::ssl_hooking::ssl_hooking_init_thread] No valid offset is available for SSL_free. Current Chrome version: 66.0.3359.181
2018-05-22 13:40:27.305 [4376:4404] [OERROR] [Explorer Probe] [McAfee::DLP::Chrome::ssl_hooking::ssl_hooking_init_thread] No valid offset is available for SSL_free. Current Chrome version: 66.0.3359.181
2018-05-22 13:40:28.309 [4376:4404] [OERROR] [Explorer Probe] [McAfee::DLP::Chrome::ssl_hooking::ssl_hooking_init_thread] No valid offset is available for SSL_free. Current Chrome version: 66.0.3359.181
2018-05-22 13:40:29.314 [4376:4404] [OERROR] [Explorer Probe] [McAfee::DLP::Chrome::ssl_hooking::ssl_hooking_init_thread] No valid offset is available for SSL_free. Current Chrome version: 66.0.3359.181
2018-05-22 13:40:30.287 [4376:4404] [OERROR] [Explorer Probe] [McAfee::DLP::Chrome::ssl_hooking::ssl_hooking_init_thread] No valid offset is available for SSL_free. Current Chrome version: 66.0.3359.181
2018-05-22 13:40:31.320 [4376:4404] [OERROR] [Explorer Probe] [McAfee::DLP::Chrome::ssl_hooking::ssl_hooking_init_thread] No valid offset is available for SSL_free. Current Chrome version: 66.0.3359.181
2018-05-22 13:40:32.311 [4376:4404] [OERROR] [Explorer Probe] [McAfee::DLP::Chrome::ssl_hooking::ssl_hooking_init_thread] No valid offset is available for SSL_free. Current Chrome version: 66.0.3359.181
2018-05-22 13:40:33.327 [4376:4404] [OERROR] [Explorer Probe] [McAfee::DLP::Chrome::ssl_hooking::ssl_hooking_init_thread] No valid offset is available for SSL_free. Current Chrome version: 66.0.3359.181
2018-05-22 13:40:34.333 [4376:4404] [OERROR] [Explorer Probe] [McAfee::DLP::Chrome::ssl_hooking::ssl_hooking_init_thread] No valid offset is available for SSL_free. Current Chrome version: 66.0.3359.181
2018-05-22 13:40:35.336 [4376:4404] [OERROR] [Explorer Probe] [McAfee::DLP::Chrome::ssl_hooking::ssl_hooking_init_thread] No valid offset is available for SSL_free. Current Chrome version: 66.0.3359.181
2018-05-22 13:40:36.310 [4376:4404] [OERROR] [Explorer Probe] [McAfee::DLP::Chrome::ssl_hooking::ssl_hooking_init_thread] No valid offset is available for SSL_free. Current Chrome version: 66.0.3359.181
2018-05-22 13:40:37.343 [4376:4404] [OERROR] [Explorer Probe] [McAfee::DLP::Chrome::ssl_hooking::ssl_hooking_init_thread] No valid offset is available for SSL_free. Current Chrome version: 66.0.3359.181
2018-05-22 13:40:38.348 [4376:4404] [OERROR] [Explorer Probe] [McAfee::DLP::Chrome::ssl_hooking::ssl_hooking_init_thread] No valid offset is available for SSL_free. Current Chrome version: 66.0.3359.181
2018-05-22 13:40:39.363 [4376:4404] [OERROR] [Explorer Probe] [McAfee::DLP::Chrome::ssl_hooking::ssl_hooking_init_thread] No valid offset is available for SSL_free. Current Chrome version: 66.0.3359.181
2018-05-22 13:40:40.334 [4376:4404] [OERROR] [Explorer Probe] [McAfee::DLP::Chrome::ssl_hooking::ssl_hooking_init_thread] No valid offset is available for SSL_free. Current Chrome version: 66.0.3359.181
2018-05-22 13:40:41.374 [4376:4404] [OERROR] [Explorer Probe] [McAfee::DLP::Chrome::ssl_hooking::ssl_hooking_init_thread] No valid offset is available for SSL_free. Current Chrome version: 66.0.3359.181
2018-05-22 13:40:42.380 [4376:4404] [OERROR] [Explorer Probe] [McAfee::DLP::Chrome::ssl_hooking::ssl_hooking_init_thread] No valid offset is available for SSL_free. Current Chrome version: 66.0.3359.181
2018-05-22 13:40:43.395 [4376:4404] [OERROR] [Explorer Probe] [McAfee::DLP::Chrome::ssl_hooking::ssl_hooking_init_thread] No valid offset is available for SSL_free. Current Chrome version: 66.0.3359.181
2018-05-22 13:40:44.405 [4376:4404] [OERROR] [Explorer Probe] [McAfee::DLP::Chrome::ssl_hooking::ssl_hooking_init_thread] No valid offset is available for SSL_free. Current Chrome version: 66.0.3359.181
2018-05-22 13:40:45.414 [4376:4404] [OERROR] [Explorer Probe] [McAfee::DLP::Chrome::ssl_hooking::ssl_hooking_init_thread] No valid offset is available for SSL_free. Current Chrome version: 66.0.3359.181
2018-05-22 13:40:46.417 [4376:4404] [OERROR] [Explorer Probe] [McAfee::DLP::Chrome::ssl_hooking::ssl_hooking_init_thread] No valid offset is available for SSL_free. Current Chrome version: 66.0.3359.181
2018-05-22 13:40:47.432 [4376:4404] [OERROR] [Explorer Probe] [McAfee::DLP::Chrome::ssl_hooking::ssl_hooking_init_thread] No valid offset is available for SSL_free. Current Chrome version: 66.0.3359.181
2018-05-22 13:40:48.432 [4376:4404] [OERROR] [Explorer Probe] [McAfee::DLP::Chrome::ssl_hooking::ssl_hooking_init_thread] No valid offset is available for SSL_free. Current Chrome version: 66.0.3359.181
2018-05-22 13:40:48.982 [4376:4472] [OERROR] [Explorer Probe] [`anonymous-namespace'::pipeHandshake] pipeHandshake: cannot communicate with the Agent.
2018-05-22 13:40:48.982 [4376:4472] [OERROR] [Explorer Probe] [McAfee::DLP::HTTP::Agent::ensureConnection] Failed connecting to agent.
2018-05-22 13:40:48.982 [4376:4472] [OERROR] [Explorer Probe] [`anonymous-namespace'::writeHookingSuppressed] Failed connecting to agent.
2018-05-22 13:40:49.116 [4376:4472] [OERROR] [Explorer Probe] [`anonymous-namespace'::pipeHandshake] pipeHandshake: cannot communicate with the Agent.
2018-05-22 13:40:49.116 [4376:4472] [OERROR] [Explorer Probe] [McAfee::DLP::HTTP::Agent::ensureConnection] Failed connecting to agent.
2018-05-22 13:40:49.116 [4376:4472] [OERROR] [Explorer Probe] [`anonymous-namespace'::writeHookingSuppressed] Failed connecting to agent.
2018-05-22 13:40:49.132 [4376:4472] [OERROR] [Explorer Probe] [`anonymous-namespace'::pipeHandshake] pipeHandshake: cannot communicate with the Agent.
2018-05-22 13:40:49.132 [4376:4472] [OERROR] [Explorer Probe] [McAfee::DLP::HTTP::Agent::ensureConnection] Failed connecting to agent.
2018-05-22 13:40:49.132 [4376:4472] [OERROR] [Explorer Probe] [`anonymous-namespace'::writeHookingSuppressed] Failed connecting to agent.
2018-05-22 13:40:49.132 [4376:4472] [OERROR] [Explorer Probe] [`anonymous-namespace'::pipeHandshake] pipeHandshake: cannot communicate with the Agent.
2018-05-22 13:40:49.132 [4376:4472] [OERROR] [Explorer Probe] [McAfee::DLP::HTTP::Agent::ensureConnection] Failed connecting to agent.
2018-05-22 13:40:49.132 [4376:4472] [OERROR] [Explorer Probe] [`anonymous-namespace'::writeHookingSuppressed] Failed connecting to agent.
2018-05-22 13:40:49.223 [4376:4472] [OERROR] [Explorer Probe] [`anonymous-namespace'::pipeHandshake] pipeHandshake: cannot communicate with the Agent.
2018-05-22 13:40:49.223 [4376:4472] [OERROR] [Explorer Probe] [McAfee::DLP::HTTP::Agent::ensureConnection] Failed connecting to agent.
2018-05-22 13:40:49.223 [4376:4472] [OERROR] [Explorer Probe] [`anonymous-namespace'::writeHookingSuppressed] Failed connecting to agent.
2018-05-22 13:40:49.256 [4376:4472] [OERROR] [Explorer Probe] [`anonymous-namespace'::pipeHandshake] pipeHandshake: cannot communicate with the Agent.
2018-05-22 13:40:49.256 [4376:4472] [OERROR] [Explorer Probe] [McAfee::DLP::HTTP::Agent::ensureConnection] Failed connecting to agent.
2018-05-22 13:40:49.256 [4376:4472] [OERROR] [Explorer Probe] [`anonymous-namespace'::writeHookingSuppressed] Failed connecting to agent.
2018-05-22 13:40:49.443 [4376:4404] [OERROR] [Explorer Probe] [McAfee::DLP::Chrome::ssl_hooking::ssl_hooking_init_thread] No valid offset is available for SSL_free. Current Chrome version: 66.0.3359.181
2018-05-22 13:40:50.451 [4376:4404] [OERROR] [Explorer Probe] [McAfee::DLP::Chrome::ssl_hooking::ssl_hooking_init_thread] No valid offset is available for SSL_free. Current Chrome version: 66.0.3359.181
2018-05-22 13:40:51.451 [4376:4404] [OERROR] [Explorer Probe] [McAfee::DLP::Chrome::ssl_hooking::ssl_hooking_init_thread] No valid offset is available for SSL_free. Current Chrome version: 66.0.3359.181
2018-05-22 13:40:52.455 [4376:4404] [OERROR] [Explorer Probe] [McAfee::DLP::Chrome::ssl_hooking::ssl_hooking_init_thread] No valid offset is available for SSL_free. Current Chrome version: 66.0.3359.181
2018-05-22 13:40:53.457 [4376:4404] [OERROR] [Explorer Probe] [McAfee::DLP::Chrome::ssl_hooking::ssl_hooking_init_thread] No valid offset is available for SSL_free. Current Chrome version: 66.0.3359.181
2018-05-22 13:40:54.461 [4376:4404] [OERROR] [Explorer Probe] [McAfee::DLP::Chrome::ssl_hooking::ssl_hooking_init_thread] No valid offset is available for SSL_free. Current Chrome version: 66.0.3359.181
2018-05-22 13:40:55.469 [4376:4404] [OERROR] [Explorer Probe] [McAfee::DLP::Chrome::ssl_hooking::ssl_hooking_init_thread] No valid offset is available for SSL_free. Current Chrome version: 66.0.3359.181
2018-05-22 13:40:56.468 [4376:4404] [OERROR] [Explorer Probe] [McAfee::DLP::Chrome::ssl_hooking::ssl_hooking_init_thread] No valid offset is available for SSL_free. Current Chrome version: 66.0.3359.181
2018-05-22 13:40:57.485 [4376:4404] [OERROR] [Explorer Probe] [McAfee::DLP::Chrome::ssl_hooking::ssl_hooking_init_thread] No valid offset is available for SSL_free. Current Chrome version: 66.0.3359.181
2018-05-22 13:40:58.493 [4376:4404] [OERROR] [Explorer Probe] [McAfee::DLP::Chrome::ssl_hooking::ssl_hooking_init_thread] No valid offset is available for SSL_free. Current Chrome version: 66.0.3359.181
2018-05-22 13:40:59.506 [4376:4404] [OERROR] [Explorer Probe] [McAfee::DLP::Chrome::ssl_hooking::ssl_hooking_init_thread] No valid offset is available for SSL_free. Current Chrome version: 66.0.3359.181
2018-05-22 13:41:00.520 [4376:4404] [OERROR] [Explorer Probe] [McAfee::DLP::Chrome::ssl_hooking::ssl_hooking_init_thread] No valid offset is available for SSL_free. Current Chrome version: 66.0.3359.181
2018-05-22 13:41:01.524 [4376:4404] [OERROR] [Explorer Probe] [McAfee::DLP::Chrome::ssl_hooking::ssl_hooking_init_thread] No valid offset is available for SSL_free. Current Chrome version: 66.0.3359.181
2018-05-22 13:41:02.529 [4376:4404] [OERROR] [Explorer Probe] [McAfee::DLP::Chrome::ssl_hooking::ssl_hooking_init_thread] No valid offset is available for SSL_free. Current Chrome version: 66.0.3359.181
2018-05-22 13:41:03.500 [4376:4404] [OERROR] [Explorer Probe] [McAfee::DLP::Chrome::ssl_hooking::ssl_hooking_init_thread] No valid offset is available for SSL_free. Current Chrome version: 66.0.3359.181
2018-05-22 13:41:04.537 [4376:4404] [OERROR] [Explorer Probe] [McAfee::DLP::Chrome::ssl_hooking::ssl_hooking_init_thread] No valid offset is available for SSL_free. Current Chrome version: 66.0.3359.181
2018-05-22 13:41:05.542 [4376:4404] [OERROR] [Explorer Probe] [McAfee::DLP::Chrome::ssl_hooking::ssl_hooking_init_thread] No valid offset is available for SSL_free. Current Chrome version: 66.0.3359.181
2018-05-22 13:41:06.548 [4376:4404] [OERROR] [Explorer Probe] [McAfee::DLP::Chrome::ssl_hooking::ssl_hooking_init_thread] No valid offset is available for SSL_free. Current Chrome version: 66.0.3359.181
2018-05-22 13:41:07.552 [4376:4404] [OERROR] [Explorer Probe] [McAfee::DLP::Chrome::ssl_hooking::ssl_hooking_init_thread] No valid offset is available for SSL_free. Current Chrome version: 66.0.3359.181
2018-05-22 13:41:08.523 [4376:4404] [OERROR] [Explorer Probe] [McAfee::DLP::Chrome::ssl_hooking::ssl_hooking_init_thread] No valid offset is available for SSL_free. Current Chrome version: 66.0.3359.181
2018-05-22 13:41:09.560 [4376:4404] [OERROR] [Explorer Probe] [McAfee::DLP::Chrome::ssl_hooking::ssl_hooking_init_thread] No valid offset is available for SSL_free. Current Chrome version: 66.0.3359.181
2018-05-22 13:41:10.570 [4376:4404] [OERROR] [Explorer Probe] [McAfee::DLP::Chrome::ssl_hooking::ssl_hooking_init_thread] No valid offset is available for SSL_free. Current Chrome version: 66.0.3359.181
2018-05-22 13:41:11.584 [4376:4404] [OERROR] [Explorer Probe] [McAfee::DLP::Chrome::ssl_hooking::ssl_hooking_init_thread] No valid offset is available for SSL_free. Current Chrome version: 66.0.3359.181
2018-05-22 13:41:12.596 [4376:4404] [OERROR] [Explorer Probe] [McAfee::DLP::Chrome::ssl_hooking::ssl_hooking_init_thread] No valid offset is available for SSL_free. Current Chrome version: 66.0.3359.181
2018-05-22 13:41:13.588 [4376:4404] [OERROR] [Explorer Probe] [McAfee::DLP::Chrome::ssl_hooking::ssl_hooking_init_thread] No valid offset is available for SSL_free. Current Chrome version: 66.0.3359.181
2018-05-22 13:41:14.602 [4376:4404] [OERROR] [Explorer Probe] [McAfee::DLP::Chrome::ssl_hooking::ssl_hooking_init_thread] No valid offset is available for SSL_free. Current Chrome version: 66.0.3359.181
2018-05-22 13:41:15.612 [4376:4404] [OERROR] [Explorer Probe] [McAfee::DLP::Chrome::ssl_hooking::ssl_hooking_init_thread] No valid offset is available for SSL_free. Current Chrome version: 66.0.3359.181
2018-05-22 13:41:16.588 [4376:4404] [OERROR] [Explorer Probe] [McAfee::DLP::Chrome::ssl_hooking::ssl_hooking_init_thread] No valid offset is available for SSL_free. Current Chrome version: 66.0.3359.181
2018-05-22 13:41:17.618 [4376:4404] [OERROR] [Explorer Probe] [McAfee::DLP::Chrome::ssl_hooking::ssl_hooking_init_thread] No valid offset is available for SSL_free. Current Chrome version: 66.0.3359.181
2018-05-22 13:41:18.633 [4376:4404] [OERROR] [Explorer Probe] [McAfee::DLP::Chrome::ssl_hooking::ssl_hooking_init_thread] No valid offset is available for SSL_free. Current Chrome version: 66.0.3359.181
2018-05-22 13:41:19.604 [4376:4404] [OERROR] [Explorer Probe] [McAfee::DLP::Chrome::ssl_hooking::ssl_hooking_init_thread] No valid offset is available for SSL_free. Current Chrome version: 66.0.3359.181
2018-05-22 13:41:20.642 [4376:4404] [OERROR] [Explorer Probe] [McAfee::DLP::Chrome::ssl_hooking::ssl_hooking_init_thread] No valid offset is available for SSL_free. Current Chrome version: 66.0.3359.181
2018-05-22 13:41:21.651 [4376:4404] [OERROR] [Explorer Probe] [McAfee::DLP::Chrome::ssl_hooking::ssl_hooking_init_thread] No valid offset is available for SSL_free. Current Chrome version: 66.0.3359.181
2018-05-22 13:41:22.654 [4376:4404] [OERROR] [Explorer Probe] [McAfee::DLP::Chrome::ssl_hooking::ssl_hooking_init_thread] No valid offset is available for SSL_free. Current Chrome version: 66.0.3359.181
2018-05-22 13:41:23.669 [4376:4404] [OERROR] [Explorer Probe] [McAfee::DLP::Chrome::ssl_hooking::ssl_hooking_init_thread] No valid offset is available for SSL_free. Current Chrome version: 66.0.3359.181
2018-05-22 13:41:24.679 [4376:4404] [OERROR] [Explorer Probe] [McAfee::DLP::Chrome::ssl_hooking::ssl_hooking_init_thread] No valid offset is available for SSL_free. Current Chrome version: 66.0.3359.181
2018-05-22 13:41:25.650 [4376:4404] [OERROR] [Explorer Probe] [McAfee::DLP::Chrome::ssl_hooking::ssl_hooking_init_thread] No valid offset is available for SSL_free. Current Chrome version: 66.0.3359.181
2018-05-22 13:41:26.685 [4376:4404] [OERROR] [Explorer Probe] [McAfee::DLP::Chrome::ssl_hooking::ssl_hooking_init_thread] No valid offset is available for SSL_free. Current Chrome version: 66.0.3359.181
2018-05-22 13:41:27.656 [4376:4404] [OERROR] [Explorer Probe] [McAfee::DLP::Chrome::ssl_hooking::ssl_hooking_init_thread] No valid offset is available for SSL_free. Current Chrome version: 66.0.3359.181
2018-05-22 13:41:28.695 [4376:4404] [OERROR] [Explorer Probe] [McAfee::DLP::Chrome::ssl_hooking::ssl_hooking_init_thread] No valid offset is available for SSL_free. Current Chrome version: 66.0.3359.181
2018-05-22 13:41:29.707 [4376:4404] [OERROR] [Explorer Probe] [McAfee::DLP::Chrome::ssl_hooking::ssl_hooking_init_thread] No valid offset is available for SSL_free. Current Chrome version: 66.0.3359.181
2018-05-22 13:41:30.722 [4376:4404] [OERROR] [Explorer Probe] [McAfee::DLP::Chrome::ssl_hooking::ssl_hooking_init_thread] No valid offset is available for SSL_free. Current Chrome version: 66.0.3359.181
2018-05-22 13:41:31.726 [4376:4404] [OERROR] [Explorer Probe] [McAfee::DLP::Chrome::ssl_hooking::ssl_hooking_init_thread] No valid offset is available for SSL_free. Current Chrome version: 66.0.3359.181
2018-05-22 13:41:32.738 [4376:4404] [OERROR] [Explorer Probe] [McAfee::DLP::Chrome::ssl_hooking::ssl_hooking_init_thread] No valid offset is available for SSL_free. Current Chrome version: 66.0.3359.181
2018-05-22 13:41:33.751 [4376:4404] [OERROR] [Explorer Probe] [McAfee::DLP::Chrome::ssl_hooking::ssl_hooking_init_thread] No valid offset is available for SSL_free. Current Chrome version: 66.0.3359.181
2018-05-22 13:41:34.760 [4376:4404] [OERROR] [Explorer Probe] [McAfee::DLP::Chrome::ssl_hooking::ssl_hooking_init_thread] No valid offset is available for SSL_free. Current Chrome version: 66.0.3359.181
2018-05-22 13:41:35.761 [4376:4404] [OERROR] [Explorer Probe] [McAfee::DLP::Chrome::ssl_hooking::ssl_hooking_init_thread] No valid offset is available for SSL_free. Current Chrome version: 66.0.3359.181
2018-05-22 13:41:36.766 [4376:4404] [OERROR] [Explorer Probe] [McAfee::DLP::Chrome::ssl_hooking::ssl_hooking_init_thread] No valid offset is available for SSL_free. Current Chrome version: 66.0.3359.181
2018-05-22 13:41:37.767 [4376:4404] [OERROR] [Explorer Probe] [McAfee::DLP::Chrome::ssl_hooking::ssl_hooking_init_thread] No valid offset is available for SSL_free. Current Chrome version: 66.0.3359.181
2018-05-22 13:41:38.788 [4376:4404] [OERROR] [Explorer Probe] [McAfee::DLP::Chrome::ssl_hooking::ssl_hooking_init_thread] No valid offset is available for SSL_free. Current Chrome version: 66.0.3359.181
2018-05-22 13:41:39.800 [4376:4404] [OERROR] [Explorer Probe] [McAfee::DLP::Chrome::ssl_hooking::ssl_hooking_init_thread] No valid offset is available for SSL_free. Current Chrome version: 66.0.3359.181
2018-05-22 13:41:40.803 [4376:4404] [OERROR] [Explorer Probe] [McAfee::DLP::Chrome::ssl_hooking::ssl_hooking_init_thread] No valid offset is available for SSL_free. Current Chrome version: 66.0.3359.181
2018-05-22 13:41:41.815 [4376:4404] [OERROR] [Explorer Probe] [McAfee::DLP::Chrome::ssl_hooking::ssl_hooking_init_thread] No valid offset is available for SSL_free. Current Chrome version: 66.0.3359.181
2018-05-22 13:41:42.830 [4376:4404] [OERROR] [Explorer Probe] [McAfee::DLP::Chrome::ssl_hooking::ssl_hooking_init_thread] No valid offset is available for SSL_free. Current Chrome version: 66.0.3359.181
2018-05-22 13:41:43.805 [4376:4404] [OERROR] [Explorer Probe] [McAfee::DLP::Chrome::ssl_hooking::ssl_hooking_init_thread] No valid offset is available for SSL_free. Current Chrome version: 66.0.3359.181
2018-05-22 13:41:44.847 [4376:4404] [OERROR] [Explorer Probe] [McAfee::DLP::Chrome::ssl_hooking::ssl_hooking_init_thread] No valid offset is available for SSL_free. Current Chrome version: 66.0.3359.181
2018-05-22 13:41:45.861 [4376:4404] [OERROR] [Explorer Probe] [McAfee::DLP::Chrome::ssl_hooking::ssl_hooking_init_thread] No valid offset is available for SSL_free. Current Chrome version: 66.0.3359.181
2018-05-22 13:41:46.865 [4376:4404] [OERROR] [Explorer Probe] [McAfee::DLP::Chrome::ssl_hooking::ssl_hooking_init_thread] No valid offset is available for SSL_free. Current Chrome version: 66.0.3359.181
2018-05-22 13:41:47.876 [4376:4404] [OERROR] [Explorer Probe] [McAfee::DLP::Chrome::ssl_hooking::ssl_hooking_init_thread] No valid offset is available for SSL_free. Current Chrome version: 66.0.3359.181
2018-05-22 13:41:48.887 [4376:4404] [OERROR] [Explorer Probe] [McAfee::DLP::Chrome::ssl_hooking::ssl_hooking_init_thread] No valid offset is available for SSL_free. Current Chrome version: 66.0.3359.181
2018-05-22 13:41:49.858 [4376:4404] [OERROR] [Explorer Probe] [McAfee::DLP::Chrome::ssl_hooking::ssl_hooking_init_thread] No valid offset is available for SSL_free. Current Chrome version: 66.0.3359.181
2018-05-22 13:41:50.897 [4376:4404] [OERROR] [Explorer Probe] [McAfee::DLP::Chrome::ssl_hooking::ssl_hooking_init_thread] No valid offset is available for SSL_free. Current Chrome version: 66.0.3359.181
2018-05-22 13:41:51.900 [4376:4404] [OERROR] [Explorer Probe] [McAfee::DLP::Chrome::ssl_hooking::ssl_hooking_init_thread] No valid offset is available for SSL_free. Current Chrome version: 66.0.3359.181
2018-05-22 13:41:52.905 [4376:4404] [OERROR] [Explorer Probe] [McAfee::DLP::Chrome::ssl_hooking::ssl_hooking_init_thread] No valid offset is available for SSL_free. Current Chrome version: 66.0.3359.181
2018-05-22 13:41:53.915 [4376:4404] [OERROR] [Explorer Probe] [McAfee::DLP::Chrome::ssl_hooking::ssl_hooking_init_thread] No valid offset is available for SSL_free. Current Chrome version: 66.0.3359.181
2018-05-22 13:41:54.922 [4376:4404] [OERROR] [Explorer Probe] [McAfee::DLP::Chrome::ssl_hooking::ssl_hooking_init_thread] No valid offset is available for SSL_free. Current Chrome version: 66.0.3359.181
2018-05-22 13:41:55.893 [4376:4404] [OERROR] [Explorer Probe] [McAfee::DLP::Chrome::ssl_hooking::ssl_hooking_init_thread] No valid offset is available for SSL_free. Current Chrome version: 66.0.3359.181
2018-05-22 13:41:56.894 [4376:4404] [OERROR] [Explorer Probe] [McAfee::DLP::Chrome::ssl_hooking::ssl_hooking_init_thread] No valid offset is available for SSL_free. Current Chrome version: 66.0.3359.181
2018-05-22 13:41:57.895 [4376:4404] [OERROR] [Explorer Probe] [McAfee::DLP::Chrome::ssl_hooking::ssl_hooking_init_thread] No valid offset is available for SSL_free. Current Chrome version: 66.0.3359.181
2018-05-22 13:41:58.895 [4376:4404] [OERROR] [Explorer Probe] [McAfee::DLP::Chrome::ssl_hooking::ssl_hooking_init_thread] No valid offset is available for SSL_free. Current Chrome version: 66.0.3359.181
2018-05-22 13:41:59.929 [4376:4404] [OERROR] [Explorer Probe] [McAfee::DLP::Chrome::ssl_hooking::ssl_hooking_init_thread] No valid offset is available for SSL_free. Current Chrome version: 66.0.3359.181
2018-05-22 13:42:00.947 [4376:4404] [OERROR] [Explorer Probe] [McAfee::DLP::Chrome::ssl_hooking::ssl_hooking_init_thread] No valid offset is available for SSL_free. Current Chrome version: 66.0.3359.181
